{"/home/joao/fiap/Hackathon-Planner/backend/src/app.ts": {"path":"/home/joao/fiap/Hackathon-Planner/backend/src/app.ts","statementMap":{"0":{"start":{"line":1,"column":0},"end":{"line":1,"column":23}},"1":{"start":{"line":2,"column":0},"end":{"line":2,"column":30}},"2":{"start":{"line":3,"column":0},"end":{"line":3,"column":28}},"3":{"start":{"line":4,"column":0},"end":{"line":4,"column":24}},"4":{"start":{"line":6,"column":0},"end":{"line":6,"column":28}},"5":{"start":{"line":7,"column":0},"end":{"line":7,"column":58}},"6":{"start":{"line":8,"column":0},"end":{"line":8,"column":30}},"7":{"start":{"line":9,"column":0},"end":{"line":9,"column":41}},"8":{"start":{"line":11,"column":12},"end":{"line":11,"column":21}},"9":{"start":{"line":13,"column":0},"end":{"line":13,"column":18}},"10":{"start":{"line":15,"column":0},"end":{"line":23,"column":2}},"11":{"start":{"line":25,"column":0},"end":{"line":25,"column":24}},"12":{"start":{"line":27,"column":0},"end":{"line":27,"column":24}},"13":{"start":{"line":29,"column":0},"end":{"line":29,"column":18}},"14":{"start":{"line":31,"column":0},"end":{"line":31,"column":22}},"15":{"start":{"line":33,"column":0},"end":{"line":37,"column":1}},"16":{"start":{"line":34,"column":2},"end":{"line":36,"column":5}},"17":{"start":{"line":35,"column":4},"end":{"line":35,"column":54}},"18":{"start":{"line":39,"column":0},"end":{"line":39,"column":19}}},"fnMap":{"0":{"name":"(anonymous_1)","decl":{"start":{"line":34,"column":23},"end":{"line":34,"column":26}},"loc":{"start":{"line":34,"column":28},"end":{"line":36,"column":3}}}},"branchMap":{"0":{"loc":{"start":{"line":33,"column":0},"end":{"line":37,"column":1}},"type":"if","locations":[{"start":{"line":33,"column":0},"end":{"line":37,"column":1}},{"start":{},"end":{}}]}},"s":{"0":1,"1":1,"2":1,"3":1,"4":1,"5":1,"6":1,"7":1,"8":1,"9":1,"10":1,"11":1,"12":1,"13":1,"14":1,"15":1,"16":0,"17":0,"18":1},"f":{"0":0},"b":{"0":[0,1]}}
,"/home/joao/fiap/Hackathon-Planner/backend/src/swagger.ts": {"path":"/home/joao/fiap/Hackathon-Planner/backend/src/swagger.ts","statementMap":{"0":{"start":{"line":19,"column":0},"end":{"line":19,"column":16}},"1":{"start":{"line":1,"column":0},"end":{"line":1,"column":41}},"2":{"start":{"line":2,"column":0},"end":{"line":2,"column":43}},"3":{"start":{"line":5,"column":16},"end":{"line":15,"column":2}},"4":{"start":{"line":17,"column":14},"end":{"line":17,"column":35}},"5":{"start":{"line":20,"column":2},"end":{"line":20,"column":60}}},"fnMap":{"0":{"name":"setupSwagger","decl":{"start":{"line":19,"column":16},"end":{"line":19,"column":28}},"loc":{"start":{"line":19,"column":41},"end":{"line":21,"column":1}}}},"branchMap":{},"s":{"0":1,"1":1,"2":1,"3":1,"4":1,"5":1},"f":{"0":1},"b":{}}
,"/home/joao/fiap/Hackathon-Planner/backend/src/controllers/AlertController.ts": {"path":"/home/joao/fiap/Hackathon-Planner/backend/src/controllers/AlertController.ts","statementMap":{"0":{"start":{"line":4,"column":0},"end":{"line":4,"column":58}},"1":{"start":{"line":5,"column":0},"end":{"line":5,"column":51}},"2":{"start":{"line":8,"column":2},"end":{"line":11,"column":5}},"3":{"start":{"line":9,"column":19},"end":{"line":9,"column":57}},"4":{"start":{"line":10,"column":4},"end":{"line":10,"column":28}},"5":{"start":{"line":13,"column":2},"end":{"line":16,"column":5}},"6":{"start":{"line":14,"column":19},"end":{"line":14,"column":61}},"7":{"start":{"line":15,"column":4},"end":{"line":15,"column":28}},"8":{"start":{"line":18,"column":2},"end":{"line":28,"column":5}},"9":{"start":{"line":19,"column":50},"end":{"line":19,"column":58}},"10":{"start":{"line":20,"column":18},"end":{"line":26,"column":6}},"11":{"start":{"line":27,"column":4},"end":{"line":27,"column":39}},"12":{"start":{"line":30,"column":2},"end":{"line":39,"column":5}},"13":{"start":{"line":31,"column":50},"end":{"line":31,"column":58}},"14":{"start":{"line":32,"column":18},"end":{"line":37,"column":6}},"15":{"start":{"line":38,"column":4},"end":{"line":38,"column":27}},"16":{"start":{"line":41,"column":2},"end":{"line":44,"column":5}},"17":{"start":{"line":42,"column":18},"end":{"line":42,"column":70}},"18":{"start":{"line":43,"column":4},"end":{"line":43,"column":27}},"19":{"start":{"line":46,"column":2},"end":{"line":49,"column":5}},"20":{"start":{"line":47,"column":4},"end":{"line":47,"column":55}},"21":{"start":{"line":48,"column":4},"end":{"line":48,"column":34}},"22":{"start":{"line":52,"column":0},"end":{"line":52,"column":37}}},"fnMap":{"0":{"name":"(anonymous_1)","decl":{"start":{"line":7,"column":0},"end":{"line":7,"column":6}},"loc":{"start":{"line":7,"column":0},"end":{"line":50,"column":1}}},"1":{"name":"(anonymous_2)","decl":{"start":{"line":8,"column":24},"end":{"line":8,"column":29}},"loc":{"start":{"line":8,"column":66},"end":{"line":11,"column":3}}},"2":{"name":"(anonymous_3)","decl":{"start":{"line":13,"column":28},"end":{"line":13,"column":33}},"loc":{"start":{"line":13,"column":70},"end":{"line":16,"column":3}}},"3":{"name":"(anonymous_4)","decl":{"start":{"line":18,"column":24},"end":{"line":18,"column":29}},"loc":{"start":{"line":18,"column":66},"end":{"line":28,"column":3}}},"4":{"name":"(anonymous_5)","decl":{"start":{"line":30,"column":24},"end":{"line":30,"column":29}},"loc":{"start":{"line":30,"column":62},"end":{"line":39,"column":3}}},"5":{"name":"(anonymous_6)","decl":{"start":{"line":41,"column":26},"end":{"line":41,"column":31}},"loc":{"start":{"line":41,"column":64},"end":{"line":44,"column":3}}},"6":{"name":"(anonymous_7)","decl":{"start":{"line":46,"column":24},"end":{"line":46,"column":29}},"loc":{"start":{"line":46,"column":62},"end":{"line":49,"column":3}}}},"branchMap":{"0":{"loc":{"start":{"line":24,"column":15},"end":{"line":24,"column":54}},"type":"cond-expr","locations":[{"start":{"line":24,"column":25},"end":{"line":24,"column":42}},{"start":{"line":24,"column":45},"end":{"line":24,"column":54}}]},"1":{"loc":{"start":{"line":36,"column":15},"end":{"line":36,"column":54}},"type":"cond-expr","locations":[{"start":{"line":36,"column":25},"end":{"line":36,"column":42}},{"start":{"line":36,"column":45},"end":{"line":36,"column":54}}]}},"s":{"0":1,"1":1,"2":1,"3":0,"4":0,"5":1,"6":0,"7":0,"8":1,"9":0,"10":0,"11":0,"12":1,"13":0,"14":0,"15":0,"16":1,"17":0,"18":0,"19":1,"20":0,"21":0,"22":1},"f":{"0":1,"1":0,"2":0,"3":0,"4":0,"5":0,"6":0},"b":{"0":[0,0],"1":[0,0]}}
,"/home/joao/fiap/Hackathon-Planner/backend/src/controllers/AssessmentController.ts": {"path":"/home/joao/fiap/Hackathon-Planner/backend/src/controllers/AssessmentController.ts","statementMap":{"0":{"start":{"line":4,"column":0},"end":{"line":4,"column":58}},"1":{"start":{"line":5,"column":0},"end":{"line":5,"column":61}},"2":{"start":{"line":8,"column":2},"end":{"line":11,"column":5}},"3":{"start":{"line":9,"column":24},"end":{"line":9,"column":67}},"4":{"start":{"line":10,"column":4},"end":{"line":10,"column":33}},"5":{"start":{"line":13,"column":2},"end":{"line":16,"column":5}},"6":{"start":{"line":14,"column":23},"end":{"line":14,"column":79}},"7":{"start":{"line":15,"column":4},"end":{"line":15,"column":32}},"8":{"start":{"line":18,"column":2},"end":{"line":23,"column":5}},"9":{"start":{"line":19,"column":24},"end":{"line":20,"column":null}},"10":{"start":{"line":22,"column":4},"end":{"line":22,"column":33}},"11":{"start":{"line":25,"column":2},"end":{"line":36,"column":5}},"12":{"start":{"line":26,"column":59},"end":{"line":26,"column":67}},"13":{"start":{"line":27,"column":23},"end":{"line":34,"column":6}},"14":{"start":{"line":35,"column":4},"end":{"line":35,"column":44}},"15":{"start":{"line":38,"column":2},"end":{"line":51,"column":5}},"16":{"start":{"line":39,"column":58},"end":{"line":39,"column":66}},"17":{"start":{"line":40,"column":23},"end":{"line":48,"column":null}},"18":{"start":{"line":50,"column":4},"end":{"line":50,"column":32}},"19":{"start":{"line":53,"column":2},"end":{"line":56,"column":5}},"20":{"start":{"line":54,"column":4},"end":{"line":54,"column":60}},"21":{"start":{"line":55,"column":4},"end":{"line":55,"column":34}},"22":{"start":{"line":59,"column":0},"end":{"line":59,"column":42}}},"fnMap":{"0":{"name":"(anonymous_1)","decl":{"start":{"line":7,"column":0},"end":{"line":7,"column":6}},"loc":{"start":{"line":7,"column":0},"end":{"line":57,"column":1}}},"1":{"name":"(anonymous_2)","decl":{"start":{"line":8,"column":24},"end":{"line":8,"column":29}},"loc":{"start":{"line":8,"column":66},"end":{"line":11,"column":3}}},"2":{"name":"(anonymous_3)","decl":{"start":{"line":13,"column":25},"end":{"line":13,"column":30}},"loc":{"start":{"line":13,"column":63},"end":{"line":16,"column":3}}},"3":{"name":"(anonymous_4)","decl":{"start":{"line":18,"column":30},"end":{"line":18,"column":35}},"loc":{"start":{"line":18,"column":68},"end":{"line":23,"column":3}}},"4":{"name":"(anonymous_5)","decl":{"start":{"line":25,"column":24},"end":{"line":25,"column":29}},"loc":{"start":{"line":25,"column":66},"end":{"line":36,"column":3}}},"5":{"name":"(anonymous_6)","decl":{"start":{"line":38,"column":24},"end":{"line":38,"column":29}},"loc":{"start":{"line":38,"column":62},"end":{"line":51,"column":3}}},"6":{"name":"(anonymous_7)","decl":{"start":{"line":53,"column":24},"end":{"line":53,"column":29}},"loc":{"start":{"line":53,"column":62},"end":{"line":56,"column":3}}}},"branchMap":{"0":{"loc":{"start":{"line":46,"column":17},"end":{"line":46,"column":56}},"type":"cond-expr","locations":[{"start":{"line":46,"column":27},"end":{"line":46,"column":44}},{"start":{"line":46,"column":47},"end":{"line":46,"column":56}}]}},"s":{"0":1,"1":1,"2":1,"3":0,"4":0,"5":1,"6":0,"7":0,"8":1,"9":0,"10":0,"11":1,"12":0,"13":0,"14":0,"15":1,"16":0,"17":0,"18":0,"19":1,"20":0,"21":0,"22":1},"f":{"0":1,"1":0,"2":0,"3":0,"4":0,"5":0,"6":0},"b":{"0":[0,0]}}
,"/home/joao/fiap/Hackathon-Planner/backend/src/controllers/BimesterPlanController.ts": {"path":"/home/joao/fiap/Hackathon-Planner/backend/src/controllers/BimesterPlanController.ts","statementMap":{"0":{"start":{"line":4,"column":0},"end":{"line":4,"column":58}},"1":{"start":{"line":5,"column":0},"end":{"line":5,"column":65}},"2":{"start":{"line":8,"column":2},"end":{"line":11,"column":5}},"3":{"start":{"line":9,"column":18},"end":{"line":9,"column":63}},"4":{"start":{"line":10,"column":4},"end":{"line":10,"column":27}},"5":{"start":{"line":13,"column":2},"end":{"line":16,"column":5}},"6":{"start":{"line":14,"column":17},"end":{"line":14,"column":75}},"7":{"start":{"line":15,"column":4},"end":{"line":15,"column":26}},"8":{"start":{"line":18,"column":2},"end":{"line":23,"column":5}},"9":{"start":{"line":19,"column":18},"end":{"line":20,"column":null}},"10":{"start":{"line":22,"column":4},"end":{"line":22,"column":27}},"11":{"start":{"line":25,"column":2},"end":{"line":36,"column":5}},"12":{"start":{"line":26,"column":56},"end":{"line":26,"column":64}},"13":{"start":{"line":27,"column":17},"end":{"line":34,"column":6}},"14":{"start":{"line":35,"column":4},"end":{"line":35,"column":38}},"15":{"start":{"line":38,"column":2},"end":{"line":48,"column":5}},"16":{"start":{"line":39,"column":55},"end":{"line":39,"column":63}},"17":{"start":{"line":40,"column":17},"end":{"line":46,"column":6}},"18":{"start":{"line":47,"column":4},"end":{"line":47,"column":26}},"19":{"start":{"line":50,"column":2},"end":{"line":53,"column":5}},"20":{"start":{"line":51,"column":17},"end":{"line":51,"column":76}},"21":{"start":{"line":52,"column":4},"end":{"line":52,"column":26}},"22":{"start":{"line":55,"column":2},"end":{"line":58,"column":5}},"23":{"start":{"line":56,"column":4},"end":{"line":56,"column":62}},"24":{"start":{"line":57,"column":4},"end":{"line":57,"column":34}},"25":{"start":{"line":61,"column":0},"end":{"line":61,"column":44}}},"fnMap":{"0":{"name":"(anonymous_1)","decl":{"start":{"line":7,"column":0},"end":{"line":7,"column":6}},"loc":{"start":{"line":7,"column":0},"end":{"line":59,"column":1}}},"1":{"name":"(anonymous_2)","decl":{"start":{"line":8,"column":24},"end":{"line":8,"column":29}},"loc":{"start":{"line":8,"column":66},"end":{"line":11,"column":3}}},"2":{"name":"(anonymous_3)","decl":{"start":{"line":13,"column":25},"end":{"line":13,"column":30}},"loc":{"start":{"line":13,"column":63},"end":{"line":16,"column":3}}},"3":{"name":"(anonymous_4)","decl":{"start":{"line":18,"column":30},"end":{"line":18,"column":35}},"loc":{"start":{"line":18,"column":68},"end":{"line":23,"column":3}}},"4":{"name":"(anonymous_5)","decl":{"start":{"line":25,"column":24},"end":{"line":25,"column":29}},"loc":{"start":{"line":25,"column":66},"end":{"line":36,"column":3}}},"5":{"name":"(anonymous_6)","decl":{"start":{"line":38,"column":24},"end":{"line":38,"column":29}},"loc":{"start":{"line":38,"column":62},"end":{"line":48,"column":3}}},"6":{"name":"(anonymous_7)","decl":{"start":{"line":50,"column":26},"end":{"line":50,"column":31}},"loc":{"start":{"line":50,"column":64},"end":{"line":53,"column":3}}},"7":{"name":"(anonymous_8)","decl":{"start":{"line":55,"column":24},"end":{"line":55,"column":29}},"loc":{"start":{"line":55,"column":62},"end":{"line":58,"column":3}}}},"branchMap":{"0":{"loc":{"start":{"line":43,"column":16},"end":{"line":43,"column":57}},"type":"cond-expr","locations":[{"start":{"line":43,"column":27},"end":{"line":43,"column":45}},{"start":{"line":43,"column":48},"end":{"line":43,"column":57}}]},"1":{"loc":{"start":{"line":44,"column":14},"end":{"line":44,"column":51}},"type":"cond-expr","locations":[{"start":{"line":44,"column":23},"end":{"line":44,"column":39}},{"start":{"line":44,"column":42},"end":{"line":44,"column":51}}]}},"s":{"0":1,"1":1,"2":1,"3":0,"4":0,"5":1,"6":0,"7":0,"8":1,"9":0,"10":0,"11":1,"12":0,"13":0,"14":0,"15":1,"16":0,"17":0,"18":0,"19":1,"20":0,"21":0,"22":1,"23":0,"24":0,"25":1},"f":{"0":1,"1":0,"2":0,"3":0,"4":0,"5":0,"6":0,"7":0},"b":{"0":[0,0],"1":[0,0]}}
,"/home/joao/fiap/Hackathon-Planner/backend/src/controllers/ClassController.ts": {"path":"/home/joao/fiap/Hackathon-Planner/backend/src/controllers/ClassController.ts","statementMap":{"0":{"start":{"line":4,"column":0},"end":{"line":4,"column":58}},"1":{"start":{"line":5,"column":0},"end":{"line":5,"column":51}},"2":{"start":{"line":8,"column":2},"end":{"line":11,"column":5}},"3":{"start":{"line":9,"column":20},"end":{"line":9,"column":47}},"4":{"start":{"line":10,"column":4},"end":{"line":10,"column":29}},"5":{"start":{"line":13,"column":2},"end":{"line":17,"column":5}},"6":{"start":{"line":14,"column":15},"end":{"line":14,"column":38}},"7":{"start":{"line":15,"column":22},"end":{"line":15,"column":52}},"8":{"start":{"line":16,"column":4},"end":{"line":16,"column":31}},"9":{"start":{"line":19,"column":2},"end":{"line":33,"column":5}},"10":{"start":{"line":20,"column":30},"end":{"line":20,"column":38}},"11":{"start":{"line":22,"column":21},"end":{"line":30,"column":6}},"12":{"start":{"line":32,"column":4},"end":{"line":32,"column":42}},"13":{"start":{"line":35,"column":2},"end":{"line":40,"column":5}},"14":{"start":{"line":36,"column":15},"end":{"line":36,"column":38}},"15":{"start":{"line":37,"column":30},"end":{"line":37,"column":38}},"16":{"start":{"line":38,"column":25},"end":{"line":38,"column":73}},"17":{"start":{"line":39,"column":4},"end":{"line":39,"column":34}},"18":{"start":{"line":42,"column":2},"end":{"line":46,"column":5}},"19":{"start":{"line":43,"column":15},"end":{"line":43,"column":38}},"20":{"start":{"line":44,"column":4},"end":{"line":44,"column":34}},"21":{"start":{"line":45,"column":4},"end":{"line":45,"column":34}},"22":{"start":{"line":48,"column":2},"end":{"line":52,"column":5}},"23":{"start":{"line":49,"column":21},"end":{"line":49,"column":50}},"24":{"start":{"line":50,"column":20},"end":{"line":50,"column":63}},"25":{"start":{"line":51,"column":4},"end":{"line":51,"column":29}},"26":{"start":{"line":55,"column":0},"end":{"line":55,"column":37}}},"fnMap":{"0":{"name":"(anonymous_1)","decl":{"start":{"line":7,"column":0},"end":{"line":7,"column":6}},"loc":{"start":{"line":7,"column":0},"end":{"line":53,"column":1}}},"1":{"name":"(anonymous_2)","decl":{"start":{"line":8,"column":24},"end":{"line":8,"column":29}},"loc":{"start":{"line":8,"column":63},"end":{"line":11,"column":3}}},"2":{"name":"(anonymous_3)","decl":{"start":{"line":13,"column":25},"end":{"line":13,"column":30}},"loc":{"start":{"line":13,"column":63},"end":{"line":17,"column":3}}},"3":{"name":"(anonymous_4)","decl":{"start":{"line":19,"column":24},"end":{"line":19,"column":29}},"loc":{"start":{"line":19,"column":66},"end":{"line":33,"column":3}}},"4":{"name":"(anonymous_5)","decl":{"start":{"line":35,"column":24},"end":{"line":35,"column":29}},"loc":{"start":{"line":35,"column":62},"end":{"line":40,"column":3}}},"5":{"name":"(anonymous_6)","decl":{"start":{"line":42,"column":24},"end":{"line":42,"column":29}},"loc":{"start":{"line":42,"column":62},"end":{"line":46,"column":3}}},"6":{"name":"(anonymous_7)","decl":{"start":{"line":48,"column":32},"end":{"line":48,"column":37}},"loc":{"start":{"line":48,"column":70},"end":{"line":52,"column":3}}}},"branchMap":{},"s":{"0":1,"1":1,"2":1,"3":0,"4":0,"5":1,"6":0,"7":0,"8":0,"9":1,"10":0,"11":0,"12":0,"13":1,"14":0,"15":0,"16":0,"17":0,"18":1,"19":0,"20":0,"21":0,"22":1,"23":0,"24":0,"25":0,"26":1},"f":{"0":1,"1":0,"2":0,"3":0,"4":0,"5":0,"6":0},"b":{}}
,"/home/joao/fiap/Hackathon-Planner/backend/src/controllers/LessonController.ts": {"path":"/home/joao/fiap/Hackathon-Planner/backend/src/controllers/LessonController.ts","statementMap":{"0":{"start":{"line":4,"column":0},"end":{"line":4,"column":58}},"1":{"start":{"line":5,"column":0},"end":{"line":5,"column":53}},"2":{"start":{"line":8,"column":2},"end":{"line":11,"column":5}},"3":{"start":{"line":9,"column":20},"end":{"line":9,"column":48}},"4":{"start":{"line":10,"column":4},"end":{"line":10,"column":29}},"5":{"start":{"line":13,"column":2},"end":{"line":17,"column":5}},"6":{"start":{"line":14,"column":15},"end":{"line":14,"column":38}},"7":{"start":{"line":15,"column":23},"end":{"line":15,"column":54}},"8":{"start":{"line":16,"column":4},"end":{"line":16,"column":32}},"9":{"start":{"line":19,"column":2},"end":{"line":23,"column":5}},"10":{"start":{"line":20,"column":20},"end":{"line":20,"column":48}},"11":{"start":{"line":21,"column":20},"end":{"line":21,"column":62}},"12":{"start":{"line":22,"column":4},"end":{"line":22,"column":29}},"13":{"start":{"line":25,"column":2},"end":{"line":45,"column":5}},"14":{"start":{"line":26,"column":50},"end":{"line":26,"column":58}},"15":{"start":{"line":28,"column":22},"end":{"line":42,"column":6}},"16":{"start":{"line":44,"column":4},"end":{"line":44,"column":43}},"17":{"start":{"line":47,"column":2},"end":{"line":56,"column":5}},"18":{"start":{"line":48,"column":15},"end":{"line":48,"column":38}},"19":{"start":{"line":49,"column":41},"end":{"line":49,"column":49}},"20":{"start":{"line":50,"column":26},"end":{"line":54,"column":6}},"21":{"start":{"line":55,"column":4},"end":{"line":55,"column":35}},"22":{"start":{"line":58,"column":2},"end":{"line":62,"column":5}},"23":{"start":{"line":59,"column":15},"end":{"line":59,"column":38}},"24":{"start":{"line":60,"column":4},"end":{"line":60,"column":35}},"25":{"start":{"line":61,"column":4},"end":{"line":61,"column":34}},"26":{"start":{"line":65,"column":0},"end":{"line":65,"column":38}}},"fnMap":{"0":{"name":"(anonymous_1)","decl":{"start":{"line":7,"column":0},"end":{"line":7,"column":6}},"loc":{"start":{"line":7,"column":0},"end":{"line":63,"column":1}}},"1":{"name":"(anonymous_2)","decl":{"start":{"line":8,"column":24},"end":{"line":8,"column":29}},"loc":{"start":{"line":8,"column":63},"end":{"line":11,"column":3}}},"2":{"name":"(anonymous_3)","decl":{"start":{"line":13,"column":25},"end":{"line":13,"column":30}},"loc":{"start":{"line":13,"column":63},"end":{"line":17,"column":3}}},"3":{"name":"(anonymous_4)","decl":{"start":{"line":19,"column":30},"end":{"line":19,"column":35}},"loc":{"start":{"line":19,"column":68},"end":{"line":23,"column":3}}},"4":{"name":"(anonymous_5)","decl":{"start":{"line":25,"column":24},"end":{"line":25,"column":29}},"loc":{"start":{"line":25,"column":66},"end":{"line":45,"column":3}}},"5":{"name":"(anonymous_6)","decl":{"start":{"line":47,"column":24},"end":{"line":47,"column":29}},"loc":{"start":{"line":47,"column":62},"end":{"line":56,"column":3}}},"6":{"name":"(anonymous_7)","decl":{"start":{"line":58,"column":24},"end":{"line":58,"column":29}},"loc":{"start":{"line":58,"column":62},"end":{"line":62,"column":3}}}},"branchMap":{"0":{"loc":{"start":{"line":31,"column":12},"end":{"line":31,"column":46}},"type":"cond-expr","locations":[{"start":{"line":31,"column":19},"end":{"line":31,"column":33}},{"start":{"line":31,"column":36},"end":{"line":31,"column":46}}]},"1":{"loc":{"start":{"line":53,"column":12},"end":{"line":53,"column":45}},"type":"cond-expr","locations":[{"start":{"line":53,"column":19},"end":{"line":53,"column":33}},{"start":{"line":53,"column":36},"end":{"line":53,"column":45}}]}},"s":{"0":1,"1":1,"2":1,"3":0,"4":0,"5":1,"6":0,"7":0,"8":0,"9":1,"10":0,"11":0,"12":0,"13":1,"14":0,"15":0,"16":0,"17":1,"18":0,"19":0,"20":0,"21":0,"22":1,"23":0,"24":0,"25":0,"26":1},"f":{"0":1,"1":0,"2":0,"3":0,"4":0,"5":0,"6":0},"b":{"0":[0,0],"1":[0,0]}}
,"/home/joao/fiap/Hackathon-Planner/backend/src/controllers/PostsController.ts": {"path":"/home/joao/fiap/Hackathon-Planner/backend/src/controllers/PostsController.ts","statementMap":{"0":{"start":{"line":4,"column":0},"end":{"line":4,"column":58}},"1":{"start":{"line":5,"column":0},"end":{"line":5,"column":51}},"2":{"start":{"line":8,"column":2},"end":{"line":11,"column":5}},"3":{"start":{"line":9,"column":18},"end":{"line":9,"column":45}},"4":{"start":{"line":10,"column":4},"end":{"line":10,"column":27}},"5":{"start":{"line":13,"column":2},"end":{"line":17,"column":5}},"6":{"start":{"line":14,"column":15},"end":{"line":14,"column":36}},"7":{"start":{"line":15,"column":17},"end":{"line":15,"column":47}},"8":{"start":{"line":16,"column":4},"end":{"line":16,"column":26}},"9":{"start":{"line":19,"column":2},"end":{"line":27,"column":5}},"10":{"start":{"line":20,"column":31},"end":{"line":20,"column":39}},"11":{"start":{"line":21,"column":20},"end":{"line":25,"column":6}},"12":{"start":{"line":26,"column":4},"end":{"line":26,"column":41}},"13":{"start":{"line":29,"column":2},"end":{"line":34,"column":5}},"14":{"start":{"line":30,"column":15},"end":{"line":30,"column":36}},"15":{"start":{"line":31,"column":41},"end":{"line":31,"column":49}},"16":{"start":{"line":32,"column":20},"end":{"line":32,"column":79}},"17":{"start":{"line":33,"column":4},"end":{"line":33,"column":29}},"18":{"start":{"line":36,"column":2},"end":{"line":40,"column":5}},"19":{"start":{"line":37,"column":15},"end":{"line":37,"column":36}},"20":{"start":{"line":38,"column":20},"end":{"line":38,"column":49}},"21":{"start":{"line":39,"column":4},"end":{"line":39,"column":29}},"22":{"start":{"line":42,"column":2},"end":{"line":46,"column":5}},"23":{"start":{"line":43,"column":18},"end":{"line":43,"column":27}},"24":{"start":{"line":44,"column":18},"end":{"line":44,"column":54}},"25":{"start":{"line":45,"column":4},"end":{"line":45,"column":27}},"26":{"start":{"line":48,"column":2},"end":{"line":52,"column":5}},"27":{"start":{"line":49,"column":21},"end":{"line":49,"column":50}},"28":{"start":{"line":50,"column":18},"end":{"line":50,"column":60}},"29":{"start":{"line":51,"column":4},"end":{"line":51,"column":27}},"30":{"start":{"line":55,"column":0},"end":{"line":55,"column":37}}},"fnMap":{"0":{"name":"(anonymous_1)","decl":{"start":{"line":7,"column":0},"end":{"line":7,"column":6}},"loc":{"start":{"line":7,"column":0},"end":{"line":53,"column":1}}},"1":{"name":"(anonymous_2)","decl":{"start":{"line":8,"column":24},"end":{"line":8,"column":29}},"loc":{"start":{"line":8,"column":63},"end":{"line":11,"column":3}}},"2":{"name":"(anonymous_3)","decl":{"start":{"line":13,"column":25},"end":{"line":13,"column":30}},"loc":{"start":{"line":13,"column":63},"end":{"line":17,"column":3}}},"3":{"name":"(anonymous_4)","decl":{"start":{"line":19,"column":24},"end":{"line":19,"column":29}},"loc":{"start":{"line":19,"column":66},"end":{"line":27,"column":3}}},"4":{"name":"(anonymous_5)","decl":{"start":{"line":29,"column":24},"end":{"line":29,"column":29}},"loc":{"start":{"line":29,"column":62},"end":{"line":34,"column":3}}},"5":{"name":"(anonymous_6)","decl":{"start":{"line":36,"column":24},"end":{"line":36,"column":29}},"loc":{"start":{"line":36,"column":62},"end":{"line":40,"column":3}}},"6":{"name":"(anonymous_7)","decl":{"start":{"line":42,"column":24},"end":{"line":42,"column":29}},"loc":{"start":{"line":42,"column":62},"end":{"line":46,"column":3}}},"7":{"name":"(anonymous_8)","decl":{"start":{"line":48,"column":28},"end":{"line":48,"column":33}},"loc":{"start":{"line":48,"column":66},"end":{"line":52,"column":3}}}},"branchMap":{},"s":{"0":1,"1":1,"2":1,"3":1,"4":1,"5":1,"6":0,"7":0,"8":0,"9":1,"10":1,"11":1,"12":1,"13":1,"14":0,"15":0,"16":0,"17":0,"18":1,"19":0,"20":0,"21":0,"22":1,"23":0,"24":0,"25":0,"26":1,"27":0,"28":0,"29":0,"30":1},"f":{"0":1,"1":1,"2":0,"3":1,"4":0,"5":0,"6":0,"7":0},"b":{}}
,"/home/joao/fiap/Hackathon-Planner/backend/src/controllers/UserController.ts": {"path":"/home/joao/fiap/Hackathon-Planner/backend/src/controllers/UserController.ts","statementMap":{"0":{"start":{"line":3,"column":0},"end":{"line":3,"column":58}},"1":{"start":{"line":4,"column":0},"end":{"line":4,"column":49}},"2":{"start":{"line":7,"column":2},"end":{"line":10,"column":5}},"3":{"start":{"line":8,"column":18},"end":{"line":8,"column":44}},"4":{"start":{"line":9,"column":4},"end":{"line":9,"column":27}},"5":{"start":{"line":12,"column":2},"end":{"line":16,"column":5}},"6":{"start":{"line":13,"column":15},"end":{"line":13,"column":38}},"7":{"start":{"line":14,"column":17},"end":{"line":14,"column":46}},"8":{"start":{"line":15,"column":4},"end":{"line":15,"column":26}},"9":{"start":{"line":18,"column":2},"end":{"line":22,"column":5}},"10":{"start":{"line":19,"column":18},"end":{"line":19,"column":44}},"11":{"start":{"line":20,"column":17},"end":{"line":20,"column":52}},"12":{"start":{"line":21,"column":4},"end":{"line":21,"column":26}},"13":{"start":{"line":24,"column":2},"end":{"line":27,"column":5}},"14":{"start":{"line":25,"column":17},"end":{"line":25,"column":51}},"15":{"start":{"line":26,"column":4},"end":{"line":26,"column":38}},"16":{"start":{"line":29,"column":2},"end":{"line":33,"column":5}},"17":{"start":{"line":30,"column":15},"end":{"line":30,"column":38}},"18":{"start":{"line":31,"column":24},"end":{"line":31,"column":62}},"19":{"start":{"line":32,"column":4},"end":{"line":32,"column":45}},"20":{"start":{"line":35,"column":2},"end":{"line":39,"column":5}},"21":{"start":{"line":36,"column":15},"end":{"line":36,"column":38}},"22":{"start":{"line":37,"column":20},"end":{"line":37,"column":48}},"23":{"start":{"line":38,"column":4},"end":{"line":38,"column":29}},"24":{"start":{"line":41,"column":2},"end":{"line":45,"column":5}},"25":{"start":{"line":42,"column":32},"end":{"line":42,"column":40}},"26":{"start":{"line":43,"column":19},"end":{"line":43,"column":59}},"27":{"start":{"line":44,"column":4},"end":{"line":44,"column":40}},"28":{"start":{"line":48,"column":0},"end":{"line":48,"column":36}}},"fnMap":{"0":{"name":"(anonymous_1)","decl":{"start":{"line":6,"column":0},"end":{"line":6,"column":6}},"loc":{"start":{"line":6,"column":0},"end":{"line":46,"column":1}}},"1":{"name":"(anonymous_2)","decl":{"start":{"line":7,"column":24},"end":{"line":7,"column":29}},"loc":{"start":{"line":7,"column":63},"end":{"line":10,"column":3}}},"2":{"name":"(anonymous_3)","decl":{"start":{"line":12,"column":25},"end":{"line":12,"column":30}},"loc":{"start":{"line":12,"column":63},"end":{"line":16,"column":3}}},"3":{"name":"(anonymous_4)","decl":{"start":{"line":18,"column":28},"end":{"line":18,"column":33}},"loc":{"start":{"line":18,"column":66},"end":{"line":22,"column":3}}},"4":{"name":"(anonymous_5)","decl":{"start":{"line":24,"column":24},"end":{"line":24,"column":29}},"loc":{"start":{"line":24,"column":62},"end":{"line":27,"column":3}}},"5":{"name":"(anonymous_6)","decl":{"start":{"line":29,"column":24},"end":{"line":29,"column":29}},"loc":{"start":{"line":29,"column":62},"end":{"line":33,"column":3}}},"6":{"name":"(anonymous_7)","decl":{"start":{"line":35,"column":24},"end":{"line":35,"column":29}},"loc":{"start":{"line":35,"column":62},"end":{"line":39,"column":3}}},"7":{"name":"(anonymous_8)","decl":{"start":{"line":41,"column":23},"end":{"line":41,"column":28}},"loc":{"start":{"line":41,"column":61},"end":{"line":45,"column":3}}}},"branchMap":{},"s":{"0":1,"1":1,"2":1,"3":0,"4":0,"5":1,"6":0,"7":0,"8":0,"9":1,"10":0,"11":0,"12":0,"13":1,"14":0,"15":0,"16":1,"17":0,"18":0,"19":0,"20":1,"21":0,"22":0,"23":0,"24":1,"25":0,"26":0,"27":0,"28":1},"f":{"0":1,"1":0,"2":0,"3":0,"4":0,"5":0,"6":0,"7":0},"b":{}}
,"/home/joao/fiap/Hackathon-Planner/backend/src/database/prisma.ts": {"path":"/home/joao/fiap/Hackathon-Planner/backend/src/database/prisma.ts","statementMap":{"0":{"start":{"line":1,"column":0},"end":{"line":1,"column":46}},"1":{"start":{"line":9,"column":15},"end":{"line":9,"column":50}},"2":{"start":{"line":11,"column":0},"end":{"line":13,"column":1}},"3":{"start":{"line":12,"column":2},"end":{"line":12,"column":25}},"4":{"start":{"line":15,"column":0},"end":{"line":15,"column":22}}},"fnMap":{},"branchMap":{"0":{"loc":{"start":{"line":9,"column":15},"end":{"line":9,"column":50}},"type":"binary-expr","locations":[{"start":{"line":9,"column":15},"end":{"line":9,"column":28}},{"start":{"line":9,"column":32},"end":{"line":9,"column":50}}]},"1":{"loc":{"start":{"line":11,"column":0},"end":{"line":13,"column":1}},"type":"if","locations":[{"start":{"line":11,"column":0},"end":{"line":13,"column":1}},{"start":{},"end":{}}]}},"s":{"0":1,"1":1,"2":1,"3":1,"4":1},"f":{},"b":{"0":[1,1],"1":[1,0]}}
,"/home/joao/fiap/Hackathon-Planner/backend/src/env/index.ts": {"path":"/home/joao/fiap/Hackathon-Planner/backend/src/env/index.ts","statementMap":{"0":{"start":{"line":1,"column":0},"end":{"line":1,"column":23}},"1":{"start":{"line":2,"column":0},"end":{"line":2,"column":24}},"2":{"start":{"line":4,"column":18},"end":{"line":11,"column":2}},"3":{"start":{"line":13,"column":13},"end":{"line":13,"column":45}},"4":{"start":{"line":15,"column":0},"end":{"line":21,"column":1}},"5":{"start":{"line":16,"column":2},"end":{"line":19,"column":4}},"6":{"start":{"line":20,"column":2},"end":{"line":20,"column":52}},"7":{"start":{"line":23,"column":13},"end":{"line":23,"column":29}}},"fnMap":{},"branchMap":{"0":{"loc":{"start":{"line":15,"column":0},"end":{"line":21,"column":1}},"type":"if","locations":[{"start":{"line":15,"column":0},"end":{"line":21,"column":1}},{"start":{},"end":{}}]}},"s":{"0":2,"1":2,"2":2,"3":2,"4":2,"5":0,"6":0,"7":2},"f":{},"b":{"0":[0,2]}}
,"/home/joao/fiap/Hackathon-Planner/backend/src/middlewares/asyncHandler.ts": {"path":"/home/joao/fiap/Hackathon-Planner/backend/src/middlewares/asyncHandler.ts","statementMap":{"0":{"start":{"line":9,"column":0},"end":{"line":9,"column":16}},"1":{"start":{"line":10,"column":2},"end":{"line":12,"column":4}},"2":{"start":{"line":11,"column":4},"end":{"line":11,"column":52}}},"fnMap":{"0":{"name":"asyncHandler","decl":{"start":{"line":9,"column":16},"end":{"line":9,"column":28}},"loc":{"start":{"line":9,"column":52},"end":{"line":13,"column":1}}},"1":{"name":"(anonymous_1)","decl":{"start":{"line":10,"column":9},"end":{"line":10,"column":10}},"loc":{"start":{"line":10,"column":61},"end":{"line":12,"column":3}}}},"branchMap":{},"s":{"0":1,"1":45,"2":2},"f":{"0":45,"1":2},"b":{}}
,"/home/joao/fiap/Hackathon-Planner/backend/src/middlewares/errorHandler.ts": {"path":"/home/joao/fiap/Hackathon-Planner/backend/src/middlewares/errorHandler.ts","statementMap":{"0":{"start":{"line":13,"column":0},"end":{"line":13,"column":16}},"1":{"start":{"line":8,"column":4},"end":{"line":8,"column":19}},"2":{"start":{"line":6,"column":11},"end":{"line":6,"column":32}},"3":{"start":{"line":9,"column":4},"end":{"line":9,"column":27}},"4":{"start":{"line":3,"column":0},"end":{"line":3,"column":13}},"5":{"start":{"line":19,"column":2},"end":{"line":21,"column":3}},"6":{"start":{"line":20,"column":4},"end":{"line":20,"column":69}},"7":{"start":{"line":23,"column":2},"end":{"line":25,"column":3}},"8":{"start":{"line":24,"column":4},"end":{"line":24,"column":75}},"9":{"start":{"line":27,"column":2},"end":{"line":29,"column":3}},"10":{"start":{"line":28,"column":4},"end":{"line":28,"column":58}},"11":{"start":{"line":31,"column":2},"end":{"line":31,"column":21}},"12":{"start":{"line":32,"column":2},"end":{"line":32,"column":71}}},"fnMap":{"0":{"name":"(anonymous_0)","decl":{"start":{"line":4,"column":2},"end":{"line":4,"column":null}},"loc":{"start":{"line":6,"column":35},"end":{"line":10,"column":3}}},"1":{"name":"errorHandler","decl":{"start":{"line":13,"column":16},"end":{"line":13,"column":28}},"loc":{"start":{"line":17,"column":21},"end":{"line":33,"column":1}}}},"branchMap":{"0":{"loc":{"start":{"line":6,"column":11},"end":{"line":6,"column":35}},"type":"default-arg","locations":[{"start":{"line":6,"column":32},"end":{"line":6,"column":35}}]},"1":{"loc":{"start":{"line":19,"column":2},"end":{"line":21,"column":3}},"type":"if","locations":[{"start":{"line":19,"column":2},"end":{"line":21,"column":3}},{"start":{},"end":{}}]},"2":{"loc":{"start":{"line":23,"column":2},"end":{"line":25,"column":3}},"type":"if","locations":[{"start":{"line":23,"column":2},"end":{"line":25,"column":3}},{"start":{},"end":{}}]},"3":{"loc":{"start":{"line":23,"column":6},"end":{"line":23,"column":74}},"type":"binary-expr","locations":[{"start":{"line":23,"column":6},"end":{"line":23,"column":38}},{"start":{"line":23,"column":42},"end":{"line":23,"column":74}}]},"4":{"loc":{"start":{"line":27,"column":2},"end":{"line":29,"column":3}},"type":"if","locations":[{"start":{"line":27,"column":2},"end":{"line":29,"column":3}},{"start":{},"end":{}}]}},"s":{"0":2,"1":1,"2":1,"3":1,"4":2,"5":0,"6":0,"7":0,"8":0,"9":0,"10":0,"11":0,"12":0},"f":{"0":1,"1":0},"b":{"0":[0],"1":[0,0],"2":[0,0],"3":[0,0],"4":[0,0]}}
,"/home/joao/fiap/Hackathon-Planner/backend/src/middlewares/isAdmin.ts": {"path":"/home/joao/fiap/Hackathon-Planner/backend/src/middlewares/isAdmin.ts","statementMap":{"0":{"start":{"line":7,"column":0},"end":{"line":7,"column":16}},"1":{"start":{"line":2,"column":0},"end":{"line":2,"column":31}},"2":{"start":{"line":4,"column":0},"end":{"line":4,"column":28}},"3":{"start":{"line":8,"column":15},"end":{"line":8,"column":40}},"4":{"start":{"line":10,"column":2},"end":{"line":12,"column":3}},"5":{"start":{"line":11,"column":4},"end":{"line":11,"column":60}},"6":{"start":{"line":14,"column":16},"end":{"line":14,"column":34}},"7":{"start":{"line":16,"column":2},"end":{"line":31,"column":3}},"8":{"start":{"line":17,"column":20},"end":{"line":17,"column":null}},"9":{"start":{"line":22,"column":4},"end":{"line":24,"column":5}},"10":{"start":{"line":23,"column":6},"end":{"line":23,"column":59}},"11":{"start":{"line":26,"column":4},"end":{"line":26,"column":28}},"12":{"start":{"line":27,"column":4},"end":{"line":27,"column":32}},"13":{"start":{"line":28,"column":4},"end":{"line":28,"column":11}},"14":{"start":{"line":30,"column":4},"end":{"line":30,"column":75}}},"fnMap":{"0":{"name":"isAdmin","decl":{"start":{"line":7,"column":16},"end":{"line":7,"column":23}},"loc":{"start":{"line":7,"column":75},"end":{"line":32,"column":1}}}},"branchMap":{"0":{"loc":{"start":{"line":10,"column":2},"end":{"line":12,"column":3}},"type":"if","locations":[{"start":{"line":10,"column":2},"end":{"line":12,"column":3}},{"start":{},"end":{}}]},"1":{"loc":{"start":{"line":22,"column":4},"end":{"line":24,"column":5}},"type":"if","locations":[{"start":{"line":22,"column":4},"end":{"line":24,"column":5}},{"start":{},"end":{}}]}},"s":{"0":1,"1":1,"2":1,"3":0,"4":0,"5":0,"6":0,"7":0,"8":0,"9":0,"10":0,"11":0,"12":0,"13":0,"14":0},"f":{"0":0},"b":{"0":[0,0],"1":[0,0]}}
,"/home/joao/fiap/Hackathon-Planner/backend/src/middlewares/validate.ts": {"path":"/home/joao/fiap/Hackathon-Planner/backend/src/middlewares/validate.ts","statementMap":{"0":{"start":{"line":6,"column":0},"end":{"line":6,"column":16}},"1":{"start":{"line":7,"column":2},"end":{"line":19,"column":4}},"2":{"start":{"line":8,"column":19},"end":{"line":8,"column":48}},"3":{"start":{"line":10,"column":4},"end":{"line":15,"column":5}},"4":{"start":{"line":11,"column":6},"end":{"line":14,"column":9}},"5":{"start":{"line":17,"column":5},"end":{"line":17,"column":70}},"6":{"start":{"line":18,"column":4},"end":{"line":18,"column":11}}},"fnMap":{"0":{"name":"validate","decl":{"start":{"line":6,"column":16},"end":{"line":6,"column":24}},"loc":{"start":{"line":6,"column":77},"end":{"line":20,"column":1}}},"1":{"name":"(anonymous_1)","decl":{"start":{"line":7,"column":9},"end":{"line":7,"column":10}},"loc":{"start":{"line":7,"column":61},"end":{"line":19,"column":3}}}},"branchMap":{"0":{"loc":{"start":{"line":6,"column":44},"end":{"line":6,"column":77}},"type":"default-arg","locations":[{"start":{"line":6,"column":71},"end":{"line":6,"column":77}}]},"1":{"loc":{"start":{"line":10,"column":4},"end":{"line":15,"column":5}},"type":"if","locations":[{"start":{"line":10,"column":4},"end":{"line":15,"column":5}},{"start":{},"end":{}}]}},"s":{"0":1,"1":16,"2":1,"3":1,"4":0,"5":1,"6":1},"f":{"0":16,"1":1},"b":{"0":[15],"1":[0,1]}}
,"/home/joao/fiap/Hackathon-Planner/backend/src/repositories/AlertRepository.ts": {"path":"/home/joao/fiap/Hackathon-Planner/backend/src/repositories/AlertRepository.ts","statementMap":{"0":{"start":{"line":3,"column":0},"end":{"line":3,"column":39}},"1":{"start":{"line":7,"column":4},"end":{"line":10,"column":7}},"2":{"start":{"line":14,"column":4},"end":{"line":17,"column":7}},"3":{"start":{"line":21,"column":4},"end":{"line":21,"column":54}},"4":{"start":{"line":25,"column":4},"end":{"line":25,"column":41}},"5":{"start":{"line":29,"column":4},"end":{"line":29,"column":56}},"6":{"start":{"line":33,"column":4},"end":{"line":36,"column":7}},"7":{"start":{"line":40,"column":4},"end":{"line":40,"column":50}},"8":{"start":{"line":44,"column":0},"end":{"line":44,"column":37}}},"fnMap":{"0":{"name":"(anonymous_1)","decl":{"start":{"line":6,"column":2},"end":{"line":6,"column":7}},"loc":{"start":{"line":6,"column":31},"end":{"line":11,"column":3}}},"1":{"name":"(anonymous_2)","decl":{"start":{"line":13,"column":2},"end":{"line":13,"column":7}},"loc":{"start":{"line":13,"column":35},"end":{"line":18,"column":3}}},"2":{"name":"(anonymous_3)","decl":{"start":{"line":20,"column":2},"end":{"line":20,"column":7}},"loc":{"start":{"line":20,"column":26},"end":{"line":22,"column":3}}},"3":{"name":"(anonymous_4)","decl":{"start":{"line":24,"column":2},"end":{"line":24,"column":7}},"loc":{"start":{"line":24,"column":44},"end":{"line":26,"column":3}}},"4":{"name":"(anonymous_5)","decl":{"start":{"line":28,"column":2},"end":{"line":28,"column":7}},"loc":{"start":{"line":28,"column":56},"end":{"line":30,"column":3}}},"5":{"name":"(anonymous_6)","decl":{"start":{"line":32,"column":2},"end":{"line":32,"column":7}},"loc":{"start":{"line":32,"column":27},"end":{"line":37,"column":3}}},"6":{"name":"(anonymous_7)","decl":{"start":{"line":39,"column":2},"end":{"line":39,"column":7}},"loc":{"start":{"line":39,"column":25},"end":{"line":41,"column":3}}}},"branchMap":{},"s":{"0":1,"1":0,"2":0,"3":0,"4":0,"5":0,"6":0,"7":0,"8":1},"f":{"0":0,"1":0,"2":0,"3":0,"4":0,"5":0,"6":0},"b":{}}
,"/home/joao/fiap/Hackathon-Planner/backend/src/repositories/AssessmentRepository.ts": {"path":"/home/joao/fiap/Hackathon-Planner/backend/src/repositories/AssessmentRepository.ts","statementMap":{"0":{"start":{"line":3,"column":0},"end":{"line":3,"column":39}},"1":{"start":{"line":7,"column":4},"end":{"line":11,"column":7}},"2":{"start":{"line":15,"column":4},"end":{"line":18,"column":7}},"3":{"start":{"line":22,"column":4},"end":{"line":26,"column":7}},"4":{"start":{"line":30,"column":4},"end":{"line":33,"column":7}},"5":{"start":{"line":37,"column":4},"end":{"line":41,"column":7}},"6":{"start":{"line":45,"column":4},"end":{"line":45,"column":55}},"7":{"start":{"line":49,"column":0},"end":{"line":49,"column":42}}},"fnMap":{"0":{"name":"(anonymous_1)","decl":{"start":{"line":6,"column":2},"end":{"line":6,"column":7}},"loc":{"start":{"line":6,"column":31},"end":{"line":12,"column":3}}},"1":{"name":"(anonymous_2)","decl":{"start":{"line":14,"column":2},"end":{"line":14,"column":7}},"loc":{"start":{"line":14,"column":26},"end":{"line":19,"column":3}}},"2":{"name":"(anonymous_3)","decl":{"start":{"line":21,"column":2},"end":{"line":21,"column":7}},"loc":{"start":{"line":21,"column":36},"end":{"line":27,"column":3}}},"3":{"name":"(anonymous_4)","decl":{"start":{"line":29,"column":2},"end":{"line":29,"column":7}},"loc":{"start":{"line":29,"column":49},"end":{"line":34,"column":3}}},"4":{"name":"(anonymous_5)","decl":{"start":{"line":36,"column":2},"end":{"line":36,"column":7}},"loc":{"start":{"line":36,"column":61},"end":{"line":42,"column":3}}},"5":{"name":"(anonymous_6)","decl":{"start":{"line":44,"column":2},"end":{"line":44,"column":7}},"loc":{"start":{"line":44,"column":25},"end":{"line":46,"column":3}}}},"branchMap":{},"s":{"0":1,"1":0,"2":0,"3":0,"4":0,"5":0,"6":0,"7":1},"f":{"0":0,"1":0,"2":0,"3":0,"4":0,"5":0},"b":{}}
,"/home/joao/fiap/Hackathon-Planner/backend/src/repositories/BimesterPlanRepository.ts": {"path":"/home/joao/fiap/Hackathon-Planner/backend/src/repositories/BimesterPlanRepository.ts","statementMap":{"0":{"start":{"line":3,"column":0},"end":{"line":3,"column":39}},"1":{"start":{"line":7,"column":4},"end":{"line":11,"column":7}},"2":{"start":{"line":15,"column":4},"end":{"line":18,"column":7}},"3":{"start":{"line":22,"column":4},"end":{"line":26,"column":7}},"4":{"start":{"line":30,"column":4},"end":{"line":33,"column":7}},"5":{"start":{"line":37,"column":4},"end":{"line":41,"column":7}},"6":{"start":{"line":45,"column":4},"end":{"line":49,"column":7}},"7":{"start":{"line":53,"column":4},"end":{"line":53,"column":57}},"8":{"start":{"line":57,"column":0},"end":{"line":57,"column":44}}},"fnMap":{"0":{"name":"(anonymous_1)","decl":{"start":{"line":6,"column":2},"end":{"line":6,"column":7}},"loc":{"start":{"line":6,"column":31},"end":{"line":12,"column":3}}},"1":{"name":"(anonymous_2)","decl":{"start":{"line":14,"column":2},"end":{"line":14,"column":7}},"loc":{"start":{"line":14,"column":26},"end":{"line":19,"column":3}}},"2":{"name":"(anonymous_3)","decl":{"start":{"line":21,"column":2},"end":{"line":21,"column":7}},"loc":{"start":{"line":21,"column":36},"end":{"line":27,"column":3}}},"3":{"name":"(anonymous_4)","decl":{"start":{"line":29,"column":2},"end":{"line":29,"column":7}},"loc":{"start":{"line":29,"column":51},"end":{"line":34,"column":3}}},"4":{"name":"(anonymous_5)","decl":{"start":{"line":36,"column":2},"end":{"line":36,"column":7}},"loc":{"start":{"line":36,"column":63},"end":{"line":42,"column":3}}},"5":{"name":"(anonymous_6)","decl":{"start":{"line":44,"column":2},"end":{"line":44,"column":7}},"loc":{"start":{"line":44,"column":27},"end":{"line":50,"column":3}}},"6":{"name":"(anonymous_7)","decl":{"start":{"line":52,"column":2},"end":{"line":52,"column":7}},"loc":{"start":{"line":52,"column":25},"end":{"line":54,"column":3}}}},"branchMap":{},"s":{"0":1,"1":0,"2":0,"3":0,"4":0,"5":0,"6":0,"7":0,"8":1},"f":{"0":0,"1":0,"2":0,"3":0,"4":0,"5":0,"6":0},"b":{}}
,"/home/joao/fiap/Hackathon-Planner/backend/src/repositories/ClassRepository.ts": {"path":"/home/joao/fiap/Hackathon-Planner/backend/src/repositories/ClassRepository.ts","statementMap":{"0":{"start":{"line":3,"column":0},"end":{"line":3,"column":39}},"1":{"start":{"line":7,"column":4},"end":{"line":9,"column":7}},"2":{"start":{"line":13,"column":4},"end":{"line":15,"column":7}},"3":{"start":{"line":19,"column":4},"end":{"line":21,"column":7}},"4":{"start":{"line":25,"column":4},"end":{"line":28,"column":7}},"5":{"start":{"line":32,"column":4},"end":{"line":34,"column":7}},"6":{"start":{"line":38,"column":4},"end":{"line":41,"column":7}},"7":{"start":{"line":45,"column":0},"end":{"line":45,"column":37}}},"fnMap":{"0":{"name":"(anonymous_1)","decl":{"start":{"line":6,"column":2},"end":{"line":6,"column":7}},"loc":{"start":{"line":6,"column":14},"end":{"line":10,"column":3}}},"1":{"name":"(anonymous_2)","decl":{"start":{"line":12,"column":2},"end":{"line":12,"column":7}},"loc":{"start":{"line":12,"column":26},"end":{"line":16,"column":3}}},"2":{"name":"(anonymous_3)","decl":{"start":{"line":18,"column":2},"end":{"line":18,"column":7}},"loc":{"start":{"line":18,"column":44},"end":{"line":22,"column":3}}},"3":{"name":"(anonymous_4)","decl":{"start":{"line":24,"column":2},"end":{"line":24,"column":7}},"loc":{"start":{"line":24,"column":56},"end":{"line":29,"column":3}}},"4":{"name":"(anonymous_5)","decl":{"start":{"line":31,"column":2},"end":{"line":31,"column":7}},"loc":{"start":{"line":31,"column":25},"end":{"line":35,"column":3}}},"5":{"name":"(anonymous_6)","decl":{"start":{"line":37,"column":2},"end":{"line":37,"column":7}},"loc":{"start":{"line":37,"column":39},"end":{"line":42,"column":3}}}},"branchMap":{},"s":{"0":1,"1":0,"2":0,"3":0,"4":0,"5":0,"6":0,"7":1},"f":{"0":0,"1":0,"2":0,"3":0,"4":0,"5":0},"b":{}}
,"/home/joao/fiap/Hackathon-Planner/backend/src/repositories/LessonRepository.ts": {"path":"/home/joao/fiap/Hackathon-Planner/backend/src/repositories/LessonRepository.ts","statementMap":{"0":{"start":{"line":3,"column":0},"end":{"line":3,"column":39}},"1":{"start":{"line":7,"column":4},"end":{"line":9,"column":7}},"2":{"start":{"line":13,"column":4},"end":{"line":15,"column":7}},"3":{"start":{"line":19,"column":4},"end":{"line":21,"column":7}},"4":{"start":{"line":25,"column":4},"end":{"line":28,"column":7}},"5":{"start":{"line":31,"column":4},"end":{"line":33,"column":7}},"6":{"start":{"line":36,"column":4},"end":{"line":39,"column":7}},"7":{"start":{"line":42,"column":0},"end":{"line":42,"column":38}}},"fnMap":{"0":{"name":"(anonymous_1)","decl":{"start":{"line":6,"column":2},"end":{"line":6,"column":7}},"loc":{"start":{"line":6,"column":14},"end":{"line":10,"column":3}}},"1":{"name":"(anonymous_2)","decl":{"start":{"line":12,"column":2},"end":{"line":12,"column":7}},"loc":{"start":{"line":12,"column":26},"end":{"line":16,"column":3}}},"2":{"name":"(anonymous_3)","decl":{"start":{"line":18,"column":2},"end":{"line":18,"column":7}},"loc":{"start":{"line":18,"column":45},"end":{"line":22,"column":3}}},"3":{"name":"(anonymous_4)","decl":{"start":{"line":24,"column":2},"end":{"line":24,"column":7}},"loc":{"start":{"line":24,"column":57},"end":{"line":29,"column":3}}},"4":{"name":"(anonymous_5)","decl":{"start":{"line":30,"column":2},"end":{"line":30,"column":7}},"loc":{"start":{"line":30,"column":25},"end":{"line":34,"column":3}}},"5":{"name":"(anonymous_6)","decl":{"start":{"line":35,"column":2},"end":{"line":35,"column":7}},"loc":{"start":{"line":35,"column":37},"end":{"line":40,"column":3}}}},"branchMap":{},"s":{"0":1,"1":0,"2":0,"3":0,"4":0,"5":0,"6":0,"7":1},"f":{"0":0,"1":0,"2":0,"3":0,"4":0,"5":0},"b":{}}
,"/home/joao/fiap/Hackathon-Planner/backend/src/repositories/UserRepository.ts": {"path":"/home/joao/fiap/Hackathon-Planner/backend/src/repositories/UserRepository.ts","statementMap":{"0":{"start":{"line":3,"column":0},"end":{"line":3,"column":39}},"1":{"start":{"line":5,"column":19},"end":{"line":11,"column":11}},"2":{"start":{"line":15,"column":4},"end":{"line":18,"column":7}},"3":{"start":{"line":22,"column":4},"end":{"line":25,"column":7}},"4":{"start":{"line":29,"column":4},"end":{"line":32,"column":7}},"5":{"start":{"line":36,"column":4},"end":{"line":38,"column":7}},"6":{"start":{"line":42,"column":4},"end":{"line":45,"column":7}},"7":{"start":{"line":49,"column":4},"end":{"line":53,"column":7}},"8":{"start":{"line":57,"column":4},"end":{"line":60,"column":7}},"9":{"start":{"line":64,"column":0},"end":{"line":64,"column":36}}},"fnMap":{"0":{"name":"(anonymous_1)","decl":{"start":{"line":14,"column":2},"end":{"line":14,"column":7}},"loc":{"start":{"line":14,"column":14},"end":{"line":19,"column":3}}},"1":{"name":"(anonymous_2)","decl":{"start":{"line":21,"column":2},"end":{"line":21,"column":7}},"loc":{"start":{"line":21,"column":26},"end":{"line":26,"column":3}}},"2":{"name":"(anonymous_3)","decl":{"start":{"line":28,"column":2},"end":{"line":28,"column":7}},"loc":{"start":{"line":28,"column":32},"end":{"line":33,"column":3}}},"3":{"name":"(anonymous_4)","decl":{"start":{"line":35,"column":2},"end":{"line":35,"column":7}},"loc":{"start":{"line":35,"column":44},"end":{"line":39,"column":3}}},"4":{"name":"(anonymous_5)","decl":{"start":{"line":41,"column":2},"end":{"line":41,"column":7}},"loc":{"start":{"line":41,"column":43},"end":{"line":46,"column":3}}},"5":{"name":"(anonymous_6)","decl":{"start":{"line":48,"column":2},"end":{"line":48,"column":7}},"loc":{"start":{"line":48,"column":55},"end":{"line":54,"column":3}}},"6":{"name":"(anonymous_7)","decl":{"start":{"line":56,"column":2},"end":{"line":56,"column":7}},"loc":{"start":{"line":56,"column":25},"end":{"line":61,"column":3}}}},"branchMap":{},"s":{"0":1,"1":1,"2":0,"3":0,"4":0,"5":0,"6":0,"7":0,"8":0,"9":1},"f":{"0":0,"1":0,"2":0,"3":0,"4":0,"5":0,"6":0},"b":{}}
,"/home/joao/fiap/Hackathon-Planner/backend/src/routes/alerts.routes.ts": {"path":"/home/joao/fiap/Hackathon-Planner/backend/src/routes/alerts.routes.ts","statementMap":{"0":{"start":{"line":1,"column":0},"end":{"line":1,"column":33}},"1":{"start":{"line":3,"column":0},"end":{"line":3,"column":60}},"2":{"start":{"line":4,"column":0},"end":{"line":4,"column":58}},"3":{"start":{"line":5,"column":0},"end":{"line":5,"column":50}},"4":{"start":{"line":6,"column":0},"end":{"line":6,"column":78}},"5":{"start":{"line":8,"column":15},"end":{"line":8,"column":23}},"6":{"start":{"line":10,"column":0},"end":{"line":10,"column":25}},"7":{"start":{"line":12,"column":0},"end":{"line":12,"column":40}},"8":{"start":{"line":13,"column":0},"end":{"line":13,"column":51}},"9":{"start":{"line":14,"column":0},"end":{"line":14,"column":70}},"10":{"start":{"line":15,"column":0},"end":{"line":15,"column":72}},"11":{"start":{"line":16,"column":0},"end":{"line":16,"column":56}},"12":{"start":{"line":17,"column":0},"end":{"line":17,"column":46}},"13":{"start":{"line":19,"column":0},"end":{"line":19,"column":22}}},"fnMap":{},"branchMap":{},"s":{"0":1,"1":1,"2":1,"3":1,"4":1,"5":1,"6":1,"7":1,"8":1,"9":1,"10":1,"11":1,"12":1,"13":1},"f":{},"b":{}}
,"/home/joao/fiap/Hackathon-Planner/backend/src/routes/assessments.routes.ts": {"path":"/home/joao/fiap/Hackathon-Planner/backend/src/routes/assessments.routes.ts","statementMap":{"0":{"start":{"line":1,"column":0},"end":{"line":1,"column":33}},"1":{"start":{"line":3,"column":0},"end":{"line":3,"column":70}},"2":{"start":{"line":4,"column":0},"end":{"line":4,"column":58}},"3":{"start":{"line":5,"column":0},"end":{"line":5,"column":50}},"4":{"start":{"line":6,"column":0},"end":{"line":6,"column":null}},"5":{"start":{"line":11,"column":15},"end":{"line":11,"column":23}},"6":{"start":{"line":13,"column":0},"end":{"line":13,"column":25}},"7":{"start":{"line":15,"column":0},"end":{"line":15,"column":45}},"8":{"start":{"line":16,"column":0},"end":{"line":16,"column":65}},"9":{"start":{"line":17,"column":0},"end":{"line":17,"column":49}},"10":{"start":{"line":18,"column":0},"end":{"line":18,"column":80}},"11":{"start":{"line":19,"column":0},"end":{"line":23,"column":2}},"12":{"start":{"line":24,"column":0},"end":{"line":24,"column":51}},"13":{"start":{"line":26,"column":0},"end":{"line":26,"column":22}}},"fnMap":{},"branchMap":{},"s":{"0":1,"1":1,"2":1,"3":1,"4":1,"5":1,"6":1,"7":1,"8":1,"9":1,"10":1,"11":1,"12":1,"13":1},"f":{},"b":{}}
,"/home/joao/fiap/Hackathon-Planner/backend/src/routes/bimester-plans.routes.ts": {"path":"/home/joao/fiap/Hackathon-Planner/backend/src/routes/bimester-plans.routes.ts","statementMap":{"0":{"start":{"line":1,"column":0},"end":{"line":1,"column":33}},"1":{"start":{"line":3,"column":0},"end":{"line":3,"column":74}},"2":{"start":{"line":4,"column":0},"end":{"line":4,"column":58}},"3":{"start":{"line":5,"column":0},"end":{"line":5,"column":50}},"4":{"start":{"line":6,"column":0},"end":{"line":6,"column":null}},"5":{"start":{"line":11,"column":15},"end":{"line":11,"column":23}},"6":{"start":{"line":13,"column":0},"end":{"line":13,"column":25}},"7":{"start":{"line":15,"column":0},"end":{"line":15,"column":47}},"8":{"start":{"line":16,"column":0},"end":{"line":16,"column":67}},"9":{"start":{"line":17,"column":0},"end":{"line":17,"column":51}},"10":{"start":{"line":18,"column":0},"end":{"line":22,"column":2}},"11":{"start":{"line":23,"column":0},"end":{"line":27,"column":2}},"12":{"start":{"line":28,"column":0},"end":{"line":28,"column":63}},"13":{"start":{"line":29,"column":0},"end":{"line":29,"column":53}},"14":{"start":{"line":31,"column":0},"end":{"line":31,"column":22}}},"fnMap":{},"branchMap":{},"s":{"0":1,"1":1,"2":1,"3":1,"4":1,"5":1,"6":1,"7":1,"8":1,"9":1,"10":1,"11":1,"12":1,"13":1,"14":1},"f":{},"b":{}}
,"/home/joao/fiap/Hackathon-Planner/backend/src/routes/classes.routes.ts": {"path":"/home/joao/fiap/Hackathon-Planner/backend/src/routes/classes.routes.ts","statementMap":{"0":{"start":{"line":1,"column":0},"end":{"line":1,"column":33}},"1":{"start":{"line":3,"column":0},"end":{"line":3,"column":60}},"2":{"start":{"line":4,"column":0},"end":{"line":4,"column":58}},"3":{"start":{"line":5,"column":0},"end":{"line":5,"column":50}},"4":{"start":{"line":6,"column":0},"end":{"line":6,"column":78}},"5":{"start":{"line":8,"column":15},"end":{"line":8,"column":23}},"6":{"start":{"line":10,"column":0},"end":{"line":10,"column":40}},"7":{"start":{"line":18,"column":0},"end":{"line":18,"column":64}},"8":{"start":{"line":20,"column":0},"end":{"line":20,"column":44}},"9":{"start":{"line":22,"column":0},"end":{"line":27,"column":2}},"10":{"start":{"line":29,"column":0},"end":{"line":29,"column":72}},"11":{"start":{"line":31,"column":0},"end":{"line":31,"column":46}},"12":{"start":{"line":33,"column":0},"end":{"line":33,"column":22}}},"fnMap":{},"branchMap":{},"s":{"0":1,"1":1,"2":1,"3":1,"4":1,"5":1,"6":1,"7":1,"8":1,"9":1,"10":1,"11":1,"12":1},"f":{},"b":{}}
,"/home/joao/fiap/Hackathon-Planner/backend/src/routes/index.ts": {"path":"/home/joao/fiap/Hackathon-Planner/backend/src/routes/index.ts","statementMap":{"0":{"start":{"line":1,"column":0},"end":{"line":1,"column":33}},"1":{"start":{"line":3,"column":0},"end":{"line":3,"column":60}},"2":{"start":{"line":4,"column":0},"end":{"line":4,"column":58}},"3":{"start":{"line":5,"column":0},"end":{"line":5,"column":48}},"4":{"start":{"line":7,"column":0},"end":{"line":7,"column":43}},"5":{"start":{"line":8,"column":0},"end":{"line":8,"column":53}},"6":{"start":{"line":9,"column":0},"end":{"line":9,"column":58}},"7":{"start":{"line":10,"column":0},"end":{"line":10,"column":45}},"8":{"start":{"line":11,"column":0},"end":{"line":11,"column":45}},"9":{"start":{"line":12,"column":0},"end":{"line":12,"column":41}},"10":{"start":{"line":13,"column":0},"end":{"line":13,"column":41}},"11":{"start":{"line":15,"column":15},"end":{"line":15,"column":23}},"12":{"start":{"line":17,"column":0},"end":{"line":17,"column":34}},"13":{"start":{"line":18,"column":0},"end":{"line":18,"column":34}},"14":{"start":{"line":19,"column":0},"end":{"line":19,"column":38}},"15":{"start":{"line":20,"column":0},"end":{"line":20,"column":38}},"16":{"start":{"line":21,"column":0},"end":{"line":21,"column":46}},"17":{"start":{"line":22,"column":0},"end":{"line":22,"column":36}},"18":{"start":{"line":23,"column":0},"end":{"line":23,"column":51}},"19":{"start":{"line":25,"column":0},"end":{"line":25,"column":60}},"20":{"start":{"line":26,"column":0},"end":{"line":26,"column":67}},"21":{"start":{"line":27,"column":0},"end":{"line":27,"column":64}},"22":{"start":{"line":29,"column":0},"end":{"line":29,"column":59}},"23":{"start":{"line":30,"column":0},"end":{"line":30,"column":66}},"24":{"start":{"line":31,"column":0},"end":{"line":31,"column":63}},"25":{"start":{"line":33,"column":0},"end":{"line":33,"column":22}}},"fnMap":{},"branchMap":{},"s":{"0":1,"1":1,"2":1,"3":1,"4":1,"5":1,"6":1,"7":1,"8":1,"9":1,"10":1,"11":1,"12":1,"13":1,"14":1,"15":1,"16":1,"17":1,"18":1,"19":1,"20":1,"21":1,"22":1,"23":1,"24":1,"25":1},"f":{},"b":{}}
,"/home/joao/fiap/Hackathon-Planner/backend/src/routes/lessons.routes.ts": {"path":"/home/joao/fiap/Hackathon-Planner/backend/src/routes/lessons.routes.ts","statementMap":{"0":{"start":{"line":1,"column":0},"end":{"line":1,"column":33}},"1":{"start":{"line":3,"column":0},"end":{"line":3,"column":62}},"2":{"start":{"line":4,"column":0},"end":{"line":4,"column":58}},"3":{"start":{"line":5,"column":0},"end":{"line":5,"column":50}},"4":{"start":{"line":6,"column":0},"end":{"line":6,"column":null}},"5":{"start":{"line":11,"column":15},"end":{"line":11,"column":23}},"6":{"start":{"line":13,"column":0},"end":{"line":13,"column":41}},"7":{"start":{"line":21,"column":0},"end":{"line":21,"column":61}},"8":{"start":{"line":23,"column":0},"end":{"line":23,"column":45}},"9":{"start":{"line":25,"column":0},"end":{"line":30,"column":2}},"10":{"start":{"line":32,"column":0},"end":{"line":32,"column":74}},"11":{"start":{"line":34,"column":0},"end":{"line":34,"column":47}},"12":{"start":{"line":36,"column":0},"end":{"line":36,"column":22}}},"fnMap":{},"branchMap":{},"s":{"0":1,"1":1,"2":1,"3":1,"4":1,"5":1,"6":1,"7":1,"8":1,"9":1,"10":1,"11":1,"12":1},"f":{},"b":{}}
,"/home/joao/fiap/Hackathon-Planner/backend/src/routes/posts.routes.ts": {"path":"/home/joao/fiap/Hackathon-Planner/backend/src/routes/posts.routes.ts","statementMap":{"0":{"start":{"line":1,"column":0},"end":{"line":1,"column":33}},"1":{"start":{"line":3,"column":0},"end":{"line":3,"column":60}},"2":{"start":{"line":4,"column":0},"end":{"line":4,"column":58}},"3":{"start":{"line":5,"column":0},"end":{"line":5,"column":50}},"4":{"start":{"line":6,"column":0},"end":{"line":6,"column":null}},"5":{"start":{"line":12,"column":15},"end":{"line":12,"column":23}},"6":{"start":{"line":30,"column":0},"end":{"line":34,"column":2}},"7":{"start":{"line":52,"column":0},"end":{"line":52,"column":60}},"8":{"start":{"line":54,"column":0},"end":{"line":54,"column":40}},"9":{"start":{"line":72,"column":0},"end":{"line":72,"column":44}},"10":{"start":{"line":94,"column":0},"end":{"line":99,"column":2}},"11":{"start":{"line":107,"column":0},"end":{"line":107,"column":71}},"12":{"start":{"line":115,"column":0},"end":{"line":115,"column":46}},"13":{"start":{"line":117,"column":0},"end":{"line":117,"column":22}}},"fnMap":{},"branchMap":{},"s":{"0":1,"1":1,"2":1,"3":1,"4":1,"5":1,"6":1,"7":1,"8":1,"9":1,"10":1,"11":1,"12":1,"13":1},"f":{},"b":{}}
,"/home/joao/fiap/Hackathon-Planner/backend/src/routes/users.routes.ts": {"path":"/home/joao/fiap/Hackathon-Planner/backend/src/routes/users.routes.ts","statementMap":{"0":{"start":{"line":1,"column":0},"end":{"line":1,"column":33}},"1":{"start":{"line":3,"column":0},"end":{"line":3,"column":58}},"2":{"start":{"line":4,"column":0},"end":{"line":4,"column":50}},"3":{"start":{"line":5,"column":0},"end":{"line":5,"column":null}},"4":{"start":{"line":11,"column":15},"end":{"line":11,"column":23}},"5":{"start":{"line":21,"column":0},"end":{"line":21,"column":67}},"6":{"start":{"line":23,"column":0},"end":{"line":23,"column":68}},"7":{"start":{"line":25,"column":0},"end":{"line":25,"column":39}},"8":{"start":{"line":33,"column":0},"end":{"line":33,"column":55}},"9":{"start":{"line":41,"column":0},"end":{"line":41,"column":43}},"10":{"start":{"line":43,"column":0},"end":{"line":43,"column":70}},"11":{"start":{"line":45,"column":0},"end":{"line":45,"column":45}},"12":{"start":{"line":47,"column":0},"end":{"line":47,"column":22}}},"fnMap":{},"branchMap":{},"s":{"0":1,"1":1,"2":1,"3":1,"4":1,"5":1,"6":1,"7":1,"8":1,"9":1,"10":1,"11":1,"12":1},"f":{},"b":{}}
,"/home/joao/fiap/Hackathon-Planner/backend/src/schemas/alert.schema.ts": {"path":"/home/joao/fiap/Hackathon-Planner/backend/src/schemas/alert.schema.ts","statementMap":{"0":{"start":{"line":1,"column":0},"end":{"line":1,"column":24}},"1":{"start":{"line":3,"column":13},"end":{"line":8,"column":3}},"2":{"start":{"line":10,"column":13},"end":{"line":15,"column":3}}},"fnMap":{},"branchMap":{},"s":{"0":1,"1":1,"2":1},"f":{},"b":{}}
,"/home/joao/fiap/Hackathon-Planner/backend/src/schemas/assessment.schema.ts": {"path":"/home/joao/fiap/Hackathon-Planner/backend/src/schemas/assessment.schema.ts","statementMap":{"0":{"start":{"line":1,"column":0},"end":{"line":1,"column":24}},"1":{"start":{"line":3,"column":13},"end":{"line":9,"column":3}},"2":{"start":{"line":11,"column":13},"end":{"line":17,"column":3}}},"fnMap":{},"branchMap":{},"s":{"0":1,"1":1,"2":1},"f":{},"b":{}}
,"/home/joao/fiap/Hackathon-Planner/backend/src/schemas/bimester-plan.schema.ts": {"path":"/home/joao/fiap/Hackathon-Planner/backend/src/schemas/bimester-plan.schema.ts","statementMap":{"0":{"start":{"line":1,"column":0},"end":{"line":1,"column":24}},"1":{"start":{"line":3,"column":13},"end":{"line":9,"column":3}},"2":{"start":{"line":11,"column":13},"end":{"line":17,"column":3}}},"fnMap":{},"branchMap":{},"s":{"0":1,"1":1,"2":1},"f":{},"b":{}}
,"/home/joao/fiap/Hackathon-Planner/backend/src/schemas/class.schema.ts": {"path":"/home/joao/fiap/Hackathon-Planner/backend/src/schemas/class.schema.ts","statementMap":{"0":{"start":{"line":1,"column":0},"end":{"line":1,"column":24}},"1":{"start":{"line":3,"column":13},"end":{"line":6,"column":3}},"2":{"start":{"line":8,"column":13},"end":{"line":11,"column":3}}},"fnMap":{},"branchMap":{},"s":{"0":1,"1":1,"2":1},"f":{},"b":{}}
,"/home/joao/fiap/Hackathon-Planner/backend/src/schemas/lesson.schema.ts": {"path":"/home/joao/fiap/Hackathon-Planner/backend/src/schemas/lesson.schema.ts","statementMap":{"0":{"start":{"line":1,"column":0},"end":{"line":1,"column":24}},"1":{"start":{"line":3,"column":13},"end":{"line":8,"column":3}},"2":{"start":{"line":10,"column":13},"end":{"line":14,"column":3}}},"fnMap":{},"branchMap":{},"s":{"0":1,"1":1,"2":1},"f":{},"b":{}}
,"/home/joao/fiap/Hackathon-Planner/backend/src/schemas/post.schema.ts": {"path":"/home/joao/fiap/Hackathon-Planner/backend/src/schemas/post.schema.ts","statementMap":{"0":{"start":{"line":1,"column":0},"end":{"line":1,"column":24}},"1":{"start":{"line":3,"column":13},"end":{"line":6,"column":3}},"2":{"start":{"line":8,"column":13},"end":{"line":12,"column":3}},"3":{"start":{"line":14,"column":13},"end":{"line":16,"column":3}}},"fnMap":{},"branchMap":{},"s":{"0":1,"1":1,"2":1,"3":1},"f":{},"b":{}}
,"/home/joao/fiap/Hackathon-Planner/backend/src/schemas/user.schema.ts": {"path":"/home/joao/fiap/Hackathon-Planner/backend/src/schemas/user.schema.ts","statementMap":{"0":{"start":{"line":1,"column":0},"end":{"line":1,"column":24}},"1":{"start":{"line":3,"column":13},"end":{"line":7,"column":3}},"2":{"start":{"line":9,"column":13},"end":{"line":13,"column":3}},"3":{"start":{"line":15,"column":13},"end":{"line":18,"column":3}}},"fnMap":{},"branchMap":{},"s":{"0":1,"1":1,"2":1,"3":1},"f":{},"b":{}}
,"/home/joao/fiap/Hackathon-Planner/backend/src/services/AlertService.ts": {"path":"/home/joao/fiap/Hackathon-Planner/backend/src/services/AlertService.ts","statementMap":{"0":{"start":{"line":3,"column":0},"end":{"line":3,"column":54}},"1":{"start":{"line":4,"column":0},"end":{"line":4,"column":61}},"2":{"start":{"line":8,"column":4},"end":{"line":8,"column":44}},"3":{"start":{"line":12,"column":4},"end":{"line":12,"column":48}},"4":{"start":{"line":22,"column":4},"end":{"line":28,"column":7}},"5":{"start":{"line":35,"column":18},"end":{"line":35,"column":51}},"6":{"start":{"line":36,"column":4},"end":{"line":36,"column":65}},"7":{"start":{"line":36,"column":16},"end":{"line":36,"column":65}},"8":{"start":{"line":37,"column":4},"end":{"line":37,"column":44}},"9":{"start":{"line":41,"column":18},"end":{"line":41,"column":51}},"10":{"start":{"line":42,"column":4},"end":{"line":42,"column":65}},"11":{"start":{"line":42,"column":16},"end":{"line":42,"column":65}},"12":{"start":{"line":43,"column":4},"end":{"line":43,"column":40}},"13":{"start":{"line":47,"column":18},"end":{"line":47,"column":51}},"14":{"start":{"line":48,"column":4},"end":{"line":48,"column":65}},"15":{"start":{"line":48,"column":16},"end":{"line":48,"column":65}},"16":{"start":{"line":49,"column":4},"end":{"line":49,"column":38}},"17":{"start":{"line":58,"column":16},"end":{"line":58,"column":26}},"18":{"start":{"line":59,"column":19},"end":{"line":59,"column":52}},"19":{"start":{"line":60,"column":22},"end":{"line":60,"column":47}},"20":{"start":{"line":62,"column":4},"end":{"line":62,"column":37}},"21":{"start":{"line":62,"column":20},"end":{"line":62,"column":37}},"22":{"start":{"line":63,"column":4},"end":{"line":63,"column":41}},"23":{"start":{"line":63,"column":25},"end":{"line":63,"column":41}},"24":{"start":{"line":64,"column":4},"end":{"line":64,"column":18}},"25":{"start":{"line":68,"column":0},"end":{"line":68,"column":34}}},"fnMap":{"0":{"name":"(anonymous_1)","decl":{"start":{"line":7,"column":2},"end":{"line":7,"column":7}},"loc":{"start":{"line":7,"column":31},"end":{"line":9,"column":3}}},"1":{"name":"(anonymous_2)","decl":{"start":{"line":11,"column":2},"end":{"line":11,"column":7}},"loc":{"start":{"line":11,"column":35},"end":{"line":13,"column":3}}},"2":{"name":"(anonymous_3)","decl":{"start":{"line":15,"column":2},"end":{"line":15,"column":7}},"loc":{"start":{"line":21,"column":3},"end":{"line":29,"column":3}}},"3":{"name":"(anonymous_4)","decl":{"start":{"line":31,"column":2},"end":{"line":31,"column":7}},"loc":{"start":{"line":33,"column":88},"end":{"line":38,"column":3}}},"4":{"name":"(anonymous_5)","decl":{"start":{"line":40,"column":2},"end":{"line":40,"column":7}},"loc":{"start":{"line":40,"column":27},"end":{"line":44,"column":3}}},"5":{"name":"(anonymous_6)","decl":{"start":{"line":46,"column":2},"end":{"line":46,"column":7}},"loc":{"start":{"line":46,"column":25},"end":{"line":50,"column":3}}},"6":{"name":"(anonymous_7)","decl":{"start":{"line":57,"column":2},"end":{"line":57,"column":8}},"loc":{"start":{"line":57,"column":38},"end":{"line":65,"column":3}}}},"branchMap":{"0":{"loc":{"start":{"line":36,"column":4},"end":{"line":36,"column":65}},"type":"if","locations":[{"start":{"line":36,"column":4},"end":{"line":36,"column":65}},{"start":{},"end":{}}]},"1":{"loc":{"start":{"line":42,"column":4},"end":{"line":42,"column":65}},"type":"if","locations":[{"start":{"line":42,"column":4},"end":{"line":42,"column":65}},{"start":{},"end":{}}]},"2":{"loc":{"start":{"line":48,"column":4},"end":{"line":48,"column":65}},"type":"if","locations":[{"start":{"line":48,"column":4},"end":{"line":48,"column":65}},{"start":{},"end":{}}]},"3":{"loc":{"start":{"line":62,"column":4},"end":{"line":62,"column":37}},"type":"if","locations":[{"start":{"line":62,"column":4},"end":{"line":62,"column":37}},{"start":{},"end":{}}]},"4":{"loc":{"start":{"line":63,"column":4},"end":{"line":63,"column":41}},"type":"if","locations":[{"start":{"line":63,"column":4},"end":{"line":63,"column":41}},{"start":{},"end":{}}]}},"s":{"0":1,"1":1,"2":0,"3":0,"4":0,"5":0,"6":0,"7":0,"8":0,"9":0,"10":0,"11":0,"12":0,"13":0,"14":0,"15":0,"16":0,"17":0,"18":0,"19":0,"20":0,"21":0,"22":0,"23":0,"24":0,"25":1},"f":{"0":0,"1":0,"2":0,"3":0,"4":0,"5":0,"6":0},"b":{"0":[0,0],"1":[0,0],"2":[0,0],"3":[0,0],"4":[0,0]}}
,"/home/joao/fiap/Hackathon-Planner/backend/src/services/AssessmentService.ts": {"path":"/home/joao/fiap/Hackathon-Planner/backend/src/services/AssessmentService.ts","statementMap":{"0":{"start":{"line":3,"column":0},"end":{"line":3,"column":54}},"1":{"start":{"line":4,"column":0},"end":{"line":4,"column":71}},"2":{"start":{"line":8,"column":4},"end":{"line":8,"column":49}},"3":{"start":{"line":12,"column":23},"end":{"line":12,"column":61}},"4":{"start":{"line":13,"column":4},"end":{"line":13,"column":73}},"5":{"start":{"line":13,"column":21},"end":{"line":13,"column":73}},"6":{"start":{"line":14,"column":4},"end":{"line":14,"column":22}},"7":{"start":{"line":18,"column":4},"end":{"line":18,"column":54}},"8":{"start":{"line":29,"column":4},"end":{"line":36,"column":7}},"9":{"start":{"line":49,"column":4},"end":{"line":49,"column":27}},"10":{"start":{"line":50,"column":4},"end":{"line":50,"column":49}},"11":{"start":{"line":54,"column":4},"end":{"line":54,"column":27}},"12":{"start":{"line":55,"column":4},"end":{"line":55,"column":43}},"13":{"start":{"line":59,"column":0},"end":{"line":59,"column":39}}},"fnMap":{"0":{"name":"(anonymous_1)","decl":{"start":{"line":7,"column":2},"end":{"line":7,"column":7}},"loc":{"start":{"line":7,"column":31},"end":{"line":9,"column":3}}},"1":{"name":"(anonymous_2)","decl":{"start":{"line":11,"column":2},"end":{"line":11,"column":7}},"loc":{"start":{"line":11,"column":26},"end":{"line":15,"column":3}}},"2":{"name":"(anonymous_3)","decl":{"start":{"line":17,"column":2},"end":{"line":17,"column":7}},"loc":{"start":{"line":17,"column":36},"end":{"line":19,"column":3}}},"3":{"name":"(anonymous_4)","decl":{"start":{"line":21,"column":2},"end":{"line":21,"column":7}},"loc":{"start":{"line":28,"column":3},"end":{"line":37,"column":3}}},"4":{"name":"(anonymous_5)","decl":{"start":{"line":39,"column":2},"end":{"line":39,"column":7}},"loc":{"start":{"line":47,"column":5},"end":{"line":51,"column":3}}},"5":{"name":"(anonymous_6)","decl":{"start":{"line":53,"column":2},"end":{"line":53,"column":7}},"loc":{"start":{"line":53,"column":25},"end":{"line":56,"column":3}}}},"branchMap":{"0":{"loc":{"start":{"line":13,"column":4},"end":{"line":13,"column":73}},"type":"if","locations":[{"start":{"line":13,"column":4},"end":{"line":13,"column":73}},{"start":{},"end":{}}]}},"s":{"0":1,"1":1,"2":0,"3":0,"4":0,"5":0,"6":0,"7":0,"8":0,"9":0,"10":0,"11":0,"12":0,"13":1},"f":{"0":0,"1":0,"2":0,"3":0,"4":0,"5":0},"b":{"0":[0,0]}}
,"/home/joao/fiap/Hackathon-Planner/backend/src/services/BimesterPlanService.ts": {"path":"/home/joao/fiap/Hackathon-Planner/backend/src/services/BimesterPlanService.ts","statementMap":{"0":{"start":{"line":3,"column":0},"end":{"line":3,"column":54}},"1":{"start":{"line":4,"column":0},"end":{"line":4,"column":75}},"2":{"start":{"line":8,"column":4},"end":{"line":8,"column":51}},"3":{"start":{"line":12,"column":17},"end":{"line":12,"column":57}},"4":{"start":{"line":13,"column":4},"end":{"line":13,"column":70}},"5":{"start":{"line":13,"column":15},"end":{"line":13,"column":70}},"6":{"start":{"line":14,"column":4},"end":{"line":14,"column":16}},"7":{"start":{"line":18,"column":4},"end":{"line":18,"column":56}},"8":{"start":{"line":29,"column":4},"end":{"line":34,"column":5}},"9":{"start":{"line":30,"column":6},"end":{"line":33,"column":8}},"10":{"start":{"line":35,"column":4},"end":{"line":42,"column":7}},"11":{"start":{"line":55,"column":4},"end":{"line":55,"column":27}},"12":{"start":{"line":56,"column":4},"end":{"line":56,"column":51}},"13":{"start":{"line":60,"column":4},"end":{"line":60,"column":27}},"14":{"start":{"line":61,"column":4},"end":{"line":61,"column":47}},"15":{"start":{"line":65,"column":4},"end":{"line":65,"column":27}},"16":{"start":{"line":66,"column":4},"end":{"line":66,"column":45}},"17":{"start":{"line":70,"column":0},"end":{"line":70,"column":41}}},"fnMap":{"0":{"name":"(anonymous_1)","decl":{"start":{"line":7,"column":2},"end":{"line":7,"column":7}},"loc":{"start":{"line":7,"column":31},"end":{"line":9,"column":3}}},"1":{"name":"(anonymous_2)","decl":{"start":{"line":11,"column":2},"end":{"line":11,"column":7}},"loc":{"start":{"line":11,"column":26},"end":{"line":15,"column":3}}},"2":{"name":"(anonymous_3)","decl":{"start":{"line":17,"column":2},"end":{"line":17,"column":7}},"loc":{"start":{"line":17,"column":36},"end":{"line":19,"column":3}}},"3":{"name":"(anonymous_4)","decl":{"start":{"line":21,"column":2},"end":{"line":21,"column":7}},"loc":{"start":{"line":28,"column":3},"end":{"line":43,"column":3}}},"4":{"name":"(anonymous_5)","decl":{"start":{"line":45,"column":2},"end":{"line":45,"column":7}},"loc":{"start":{"line":53,"column":5},"end":{"line":57,"column":3}}},"5":{"name":"(anonymous_6)","decl":{"start":{"line":59,"column":2},"end":{"line":59,"column":7}},"loc":{"start":{"line":59,"column":27},"end":{"line":62,"column":3}}},"6":{"name":"(anonymous_7)","decl":{"start":{"line":64,"column":2},"end":{"line":64,"column":7}},"loc":{"start":{"line":64,"column":25},"end":{"line":67,"column":3}}}},"branchMap":{"0":{"loc":{"start":{"line":13,"column":4},"end":{"line":13,"column":70}},"type":"if","locations":[{"start":{"line":13,"column":4},"end":{"line":13,"column":70}},{"start":{},"end":{}}]},"1":{"loc":{"start":{"line":29,"column":4},"end":{"line":34,"column":5}},"type":"if","locations":[{"start":{"line":29,"column":4},"end":{"line":34,"column":5}},{"start":{},"end":{}}]}},"s":{"0":1,"1":1,"2":0,"3":0,"4":0,"5":0,"6":0,"7":0,"8":0,"9":0,"10":0,"11":0,"12":0,"13":0,"14":0,"15":0,"16":0,"17":1},"f":{"0":0,"1":0,"2":0,"3":0,"4":0,"5":0,"6":0},"b":{"0":[0,0],"1":[0,0]}}
,"/home/joao/fiap/Hackathon-Planner/backend/src/services/ClassService.ts": {"path":"/home/joao/fiap/Hackathon-Planner/backend/src/services/ClassService.ts","statementMap":{"0":{"start":{"line":3,"column":0},"end":{"line":3,"column":61}},"1":{"start":{"line":7,"column":4},"end":{"line":7,"column":36}},"2":{"start":{"line":11,"column":4},"end":{"line":11,"column":39}},"3":{"start":{"line":15,"column":4},"end":{"line":15,"column":40}},"4":{"start":{"line":19,"column":4},"end":{"line":19,"column":44}},"5":{"start":{"line":23,"column":4},"end":{"line":23,"column":38}},"6":{"start":{"line":27,"column":4},"end":{"line":27,"column":52}},"7":{"start":{"line":31,"column":0},"end":{"line":31,"column":34}}},"fnMap":{"0":{"name":"(anonymous_1)","decl":{"start":{"line":6,"column":2},"end":{"line":6,"column":7}},"loc":{"start":{"line":6,"column":14},"end":{"line":8,"column":3}}},"1":{"name":"(anonymous_2)","decl":{"start":{"line":10,"column":2},"end":{"line":10,"column":7}},"loc":{"start":{"line":10,"column":26},"end":{"line":12,"column":3}}},"2":{"name":"(anonymous_3)","decl":{"start":{"line":14,"column":2},"end":{"line":14,"column":7}},"loc":{"start":{"line":14,"column":44},"end":{"line":16,"column":3}}},"3":{"name":"(anonymous_4)","decl":{"start":{"line":18,"column":2},"end":{"line":18,"column":7}},"loc":{"start":{"line":18,"column":56},"end":{"line":20,"column":3}}},"4":{"name":"(anonymous_5)","decl":{"start":{"line":22,"column":2},"end":{"line":22,"column":7}},"loc":{"start":{"line":22,"column":25},"end":{"line":24,"column":3}}},"5":{"name":"(anonymous_6)","decl":{"start":{"line":26,"column":2},"end":{"line":26,"column":7}},"loc":{"start":{"line":26,"column":39},"end":{"line":28,"column":3}}}},"branchMap":{},"s":{"0":1,"1":0,"2":0,"3":0,"4":0,"5":0,"6":0,"7":1},"f":{"0":0,"1":0,"2":0,"3":0,"4":0,"5":0},"b":{}}
,"/home/joao/fiap/Hackathon-Planner/backend/src/services/LessonService.ts": {"path":"/home/joao/fiap/Hackathon-Planner/backend/src/services/LessonService.ts","statementMap":{"0":{"start":{"line":3,"column":0},"end":{"line":3,"column":63}},"1":{"start":{"line":7,"column":4},"end":{"line":7,"column":37}},"2":{"start":{"line":11,"column":4},"end":{"line":11,"column":40}},"3":{"start":{"line":15,"column":4},"end":{"line":15,"column":41}},"4":{"start":{"line":19,"column":4},"end":{"line":19,"column":45}},"5":{"start":{"line":23,"column":4},"end":{"line":23,"column":39}},"6":{"start":{"line":27,"column":4},"end":{"line":27,"column":51}},"7":{"start":{"line":31,"column":0},"end":{"line":31,"column":35}}},"fnMap":{"0":{"name":"(anonymous_1)","decl":{"start":{"line":6,"column":2},"end":{"line":6,"column":7}},"loc":{"start":{"line":6,"column":14},"end":{"line":8,"column":3}}},"1":{"name":"(anonymous_2)","decl":{"start":{"line":10,"column":2},"end":{"line":10,"column":7}},"loc":{"start":{"line":10,"column":26},"end":{"line":12,"column":3}}},"2":{"name":"(anonymous_3)","decl":{"start":{"line":14,"column":2},"end":{"line":14,"column":7}},"loc":{"start":{"line":14,"column":45},"end":{"line":16,"column":3}}},"3":{"name":"(anonymous_4)","decl":{"start":{"line":18,"column":2},"end":{"line":18,"column":7}},"loc":{"start":{"line":18,"column":57},"end":{"line":20,"column":3}}},"4":{"name":"(anonymous_5)","decl":{"start":{"line":22,"column":2},"end":{"line":22,"column":7}},"loc":{"start":{"line":22,"column":25},"end":{"line":24,"column":3}}},"5":{"name":"(anonymous_6)","decl":{"start":{"line":26,"column":2},"end":{"line":26,"column":7}},"loc":{"start":{"line":26,"column":37},"end":{"line":28,"column":3}}}},"branchMap":{},"s":{"0":1,"1":0,"2":0,"3":0,"4":0,"5":0,"6":0,"7":1},"f":{"0":0,"1":0,"2":0,"3":0,"4":0,"5":0},"b":{}}
,"/home/joao/fiap/Hackathon-Planner/backend/src/services/PostsService.ts": {"path":"/home/joao/fiap/Hackathon-Planner/backend/src/services/PostsService.ts","statementMap":{"0":{"start":{"line":1,"column":0},"end":{"line":1,"column":61}},"1":{"start":{"line":5,"column":4},"end":{"line":5,"column":36}},"2":{"start":{"line":9,"column":4},"end":{"line":9,"column":39}},"3":{"start":{"line":13,"column":41},"end":{"line":13,"column":45}},"4":{"start":{"line":15,"column":4},"end":{"line":19,"column":7}},"5":{"start":{"line":26,"column":41},"end":{"line":26,"column":45}},"6":{"start":{"line":28,"column":4},"end":{"line":32,"column":7}},"7":{"start":{"line":36,"column":4},"end":{"line":36,"column":38}},"8":{"start":{"line":40,"column":4},"end":{"line":42,"column":5}},"9":{"start":{"line":41,"column":6},"end":{"line":41,"column":16}},"10":{"start":{"line":44,"column":4},"end":{"line":44,"column":37}},"11":{"start":{"line":48,"column":4},"end":{"line":48,"column":51}},"12":{"start":{"line":52,"column":0},"end":{"line":52,"column":34}}},"fnMap":{"0":{"name":"(anonymous_1)","decl":{"start":{"line":4,"column":2},"end":{"line":4,"column":7}},"loc":{"start":{"line":4,"column":14},"end":{"line":6,"column":3}}},"1":{"name":"(anonymous_2)","decl":{"start":{"line":8,"column":2},"end":{"line":8,"column":7}},"loc":{"start":{"line":8,"column":26},"end":{"line":10,"column":3}}},"2":{"name":"(anonymous_3)","decl":{"start":{"line":12,"column":2},"end":{"line":12,"column":7}},"loc":{"start":{"line":12,"column":74},"end":{"line":20,"column":3}}},"3":{"name":"(anonymous_4)","decl":{"start":{"line":22,"column":2},"end":{"line":22,"column":7}},"loc":{"start":{"line":24,"column":65},"end":{"line":33,"column":3}}},"4":{"name":"(anonymous_5)","decl":{"start":{"line":35,"column":2},"end":{"line":35,"column":7}},"loc":{"start":{"line":35,"column":25},"end":{"line":37,"column":3}}},"5":{"name":"(anonymous_6)","decl":{"start":{"line":39,"column":2},"end":{"line":39,"column":7}},"loc":{"start":{"line":39,"column":24},"end":{"line":45,"column":3}}},"6":{"name":"(anonymous_7)","decl":{"start":{"line":47,"column":2},"end":{"line":47,"column":7}},"loc":{"start":{"line":47,"column":38},"end":{"line":49,"column":3}}}},"branchMap":{"0":{"loc":{"start":{"line":18,"column":14},"end":{"line":18,"column":66}},"type":"cond-expr","locations":[{"start":{"line":18,"column":25},"end":{"line":18,"column":54}},{"start":{"line":18,"column":57},"end":{"line":18,"column":66}}]},"1":{"loc":{"start":{"line":31,"column":14},"end":{"line":31,"column":66}},"type":"cond-expr","locations":[{"start":{"line":31,"column":25},"end":{"line":31,"column":54}},{"start":{"line":31,"column":57},"end":{"line":31,"column":66}}]},"2":{"loc":{"start":{"line":40,"column":4},"end":{"line":42,"column":5}},"type":"if","locations":[{"start":{"line":40,"column":4},"end":{"line":42,"column":5}},{"start":{},"end":{}}]},"3":{"loc":{"start":{"line":40,"column":8},"end":{"line":40,"column":29}},"type":"binary-expr","locations":[{"start":{"line":40,"column":8},"end":{"line":40,"column":10}},{"start":{"line":40,"column":14},"end":{"line":40,"column":29}}]}},"s":{"0":2,"1":2,"2":1,"3":2,"4":2,"5":1,"6":1,"7":1,"8":2,"9":1,"10":1,"11":0,"12":2},"f":{"0":2,"1":1,"2":2,"3":1,"4":1,"5":2,"6":0},"b":{"0":[1,1],"1":[0,1],"2":[1,1],"3":[2,1]}}
,"/home/joao/fiap/Hackathon-Planner/backend/src/services/UserService.ts": {"path":"/home/joao/fiap/Hackathon-Planner/backend/src/services/UserService.ts","statementMap":{"0":{"start":{"line":1,"column":0},"end":{"line":1,"column":28}},"1":{"start":{"line":2,"column":0},"end":{"line":2,"column":31}},"2":{"start":{"line":4,"column":0},"end":{"line":4,"column":28}},"3":{"start":{"line":5,"column":0},"end":{"line":5,"column":54}},"4":{"start":{"line":6,"column":0},"end":{"line":6,"column":59}},"5":{"start":{"line":10,"column":4},"end":{"line":10,"column":35}},"6":{"start":{"line":14,"column":4},"end":{"line":14,"column":38}},"7":{"start":{"line":18,"column":4},"end":{"line":18,"column":44}},"8":{"start":{"line":22,"column":24},"end":{"line":22,"column":67}},"9":{"start":{"line":24,"column":4},"end":{"line":26,"column":5}},"10":{"start":{"line":25,"column":6},"end":{"line":25,"column":46}},"11":{"start":{"line":28,"column":27},"end":{"line":28,"column":63}},"12":{"start":{"line":30,"column":4},"end":{"line":34,"column":7}},"13":{"start":{"line":41,"column":4},"end":{"line":46,"column":5}},"14":{"start":{"line":42,"column":26},"end":{"line":42,"column":69}},"15":{"start":{"line":43,"column":6},"end":{"line":45,"column":7}},"16":{"start":{"line":44,"column":8},"end":{"line":44,"column":51}},"17":{"start":{"line":52,"column":8},"end":{"line":52,"column":10}},"18":{"start":{"line":54,"column":4},"end":{"line":54,"column":47}},"19":{"start":{"line":54,"column":19},"end":{"line":54,"column":47}},"20":{"start":{"line":55,"column":4},"end":{"line":55,"column":50}},"21":{"start":{"line":55,"column":20},"end":{"line":55,"column":50}},"22":{"start":{"line":56,"column":4},"end":{"line":58,"column":5}},"23":{"start":{"line":57,"column":6},"end":{"line":57,"column":65}},"24":{"start":{"line":60,"column":4},"end":{"line":60,"column":49}},"25":{"start":{"line":64,"column":4},"end":{"line":64,"column":37}},"26":{"start":{"line":68,"column":17},"end":{"line":68,"column":67}},"27":{"start":{"line":70,"column":4},"end":{"line":72,"column":5}},"28":{"start":{"line":71,"column":6},"end":{"line":71,"column":55}},"29":{"start":{"line":74,"column":26},"end":{"line":74,"column":71}},"30":{"start":{"line":76,"column":4},"end":{"line":78,"column":5}},"31":{"start":{"line":77,"column":6},"end":{"line":77,"column":55}},"32":{"start":{"line":80,"column":18},"end":{"line":83,"column":null}},"33":{"start":{"line":86,"column":4},"end":{"line":94,"column":6}},"34":{"start":{"line":98,"column":0},"end":{"line":98,"column":33}}},"fnMap":{"0":{"name":"(anonymous_1)","decl":{"start":{"line":9,"column":2},"end":{"line":9,"column":7}},"loc":{"start":{"line":9,"column":14},"end":{"line":11,"column":3}}},"1":{"name":"(anonymous_2)","decl":{"start":{"line":13,"column":2},"end":{"line":13,"column":7}},"loc":{"start":{"line":13,"column":26},"end":{"line":15,"column":3}}},"2":{"name":"(anonymous_3)","decl":{"start":{"line":17,"column":2},"end":{"line":17,"column":7}},"loc":{"start":{"line":17,"column":32},"end":{"line":19,"column":3}}},"3":{"name":"(anonymous_4)","decl":{"start":{"line":21,"column":2},"end":{"line":21,"column":7}},"loc":{"start":{"line":21,"column":70},"end":{"line":35,"column":3}}},"4":{"name":"(anonymous_5)","decl":{"start":{"line":37,"column":2},"end":{"line":37,"column":7}},"loc":{"start":{"line":39,"column":62},"end":{"line":61,"column":3}}},"5":{"name":"(anonymous_6)","decl":{"start":{"line":63,"column":2},"end":{"line":63,"column":7}},"loc":{"start":{"line":63,"column":25},"end":{"line":65,"column":3}}},"6":{"name":"(anonymous_7)","decl":{"start":{"line":67,"column":2},"end":{"line":67,"column":7}},"loc":{"start":{"line":67,"column":45},"end":{"line":95,"column":3}}}},"branchMap":{"0":{"loc":{"start":{"line":24,"column":4},"end":{"line":26,"column":5}},"type":"if","locations":[{"start":{"line":24,"column":4},"end":{"line":26,"column":5}},{"start":{},"end":{}}]},"1":{"loc":{"start":{"line":41,"column":4},"end":{"line":46,"column":5}},"type":"if","locations":[{"start":{"line":41,"column":4},"end":{"line":46,"column":5}},{"start":{},"end":{}}]},"2":{"loc":{"start":{"line":43,"column":6},"end":{"line":45,"column":7}},"type":"if","locations":[{"start":{"line":43,"column":6},"end":{"line":45,"column":7}},{"start":{},"end":{}}]},"3":{"loc":{"start":{"line":43,"column":10},"end":{"line":43,"column":46}},"type":"binary-expr","locations":[{"start":{"line":43,"column":10},"end":{"line":43,"column":21}},{"start":{"line":43,"column":25},"end":{"line":43,"column":46}}]},"4":{"loc":{"start":{"line":54,"column":4},"end":{"line":54,"column":47}},"type":"if","locations":[{"start":{"line":54,"column":4},"end":{"line":54,"column":47}},{"start":{},"end":{}}]},"5":{"loc":{"start":{"line":55,"column":4},"end":{"line":55,"column":50}},"type":"if","locations":[{"start":{"line":55,"column":4},"end":{"line":55,"column":50}},{"start":{},"end":{}}]},"6":{"loc":{"start":{"line":56,"column":4},"end":{"line":58,"column":5}},"type":"if","locations":[{"start":{"line":56,"column":4},"end":{"line":58,"column":5}},{"start":{},"end":{}}]},"7":{"loc":{"start":{"line":70,"column":4},"end":{"line":72,"column":5}},"type":"if","locations":[{"start":{"line":70,"column":4},"end":{"line":72,"column":5}},{"start":{},"end":{}}]},"8":{"loc":{"start":{"line":76,"column":4},"end":{"line":78,"column":5}},"type":"if","locations":[{"start":{"line":76,"column":4},"end":{"line":78,"column":5}},{"start":{},"end":{}}]}},"s":{"0":2,"1":2,"2":2,"3":2,"4":2,"5":0,"6":0,"7":0,"8":1,"9":1,"10":0,"11":1,"12":1,"13":1,"14":0,"15":0,"16":0,"17":1,"18":1,"19":1,"20":1,"21":0,"22":1,"23":0,"24":1,"25":0,"26":2,"27":2,"28":1,"29":1,"30":1,"31":0,"32":1,"33":1,"34":2},"f":{"0":0,"1":0,"2":0,"3":1,"4":1,"5":0,"6":2},"b":{"0":[0,1],"1":[0,1],"2":[0,0],"3":[0,0],"4":[1,0],"5":[0,1],"6":[0,1],"7":[1,1],"8":[0,1]}}
}
