TN:
SF:src/app.ts
FN:34,(anonymous_1)
FNF:1
FNH:0
FNDA:0,(anonymous_1)
DA:1,1
DA:2,1
DA:3,1
DA:4,1
DA:6,1
DA:7,1
DA:8,1
DA:9,1
DA:11,1
DA:13,1
DA:15,1
DA:25,1
DA:27,1
DA:29,1
DA:31,1
DA:33,1
DA:34,0
DA:35,0
DA:39,1
LF:19
LH:17
BRDA:33,0,0,0
BRDA:33,0,1,1
BRF:2
BRH:1
end_of_record
TN:
SF:src/swagger.ts
FN:19,setupSwagger
FNF:1
FNH:1
FNDA:1,setupSwagger
DA:1,1
DA:2,1
DA:5,1
DA:17,1
DA:19,1
DA:20,1
LF:6
LH:6
BRF:0
BRH:0
end_of_record
TN:
SF:src/controllers/AlertController.ts
FN:7,(anonymous_1)
FN:8,(anonymous_2)
FN:13,(anonymous_3)
FN:18,(anonymous_4)
FN:30,(anonymous_5)
FN:41,(anonymous_6)
FN:46,(anonymous_7)
FNF:7
FNH:1
FNDA:1,(anonymous_1)
FNDA:0,(anonymous_2)
FNDA:0,(anonymous_3)
FNDA:0,(anonymous_4)
FNDA:0,(anonymous_5)
FNDA:0,(anonymous_6)
FNDA:0,(anonymous_7)
DA:4,1
DA:5,1
DA:8,1
DA:9,0
DA:10,0
DA:13,1
DA:14,0
DA:15,0
DA:18,1
DA:19,0
DA:20,0
DA:27,0
DA:30,1
DA:31,0
DA:32,0
DA:38,0
DA:41,1
DA:42,0
DA:43,0
DA:46,1
DA:47,0
DA:48,0
DA:52,1
LF:23
LH:9
BRDA:24,0,0,0
BRDA:24,0,1,0
BRDA:36,1,0,0
BRDA:36,1,1,0
BRF:4
BRH:0
end_of_record
TN:
SF:src/controllers/AssessmentController.ts
FN:7,(anonymous_1)
FN:8,(anonymous_2)
FN:13,(anonymous_3)
FN:18,(anonymous_4)
FN:25,(anonymous_5)
FN:38,(anonymous_6)
FN:53,(anonymous_7)
FNF:7
FNH:1
FNDA:1,(anonymous_1)
FNDA:0,(anonymous_2)
FNDA:0,(anonymous_3)
FNDA:0,(anonymous_4)
FNDA:0,(anonymous_5)
FNDA:0,(anonymous_6)
FNDA:0,(anonymous_7)
DA:4,1
DA:5,1
DA:8,1
DA:9,0
DA:10,0
DA:13,1
DA:14,0
DA:15,0
DA:18,1
DA:19,0
DA:22,0
DA:25,1
DA:26,0
DA:27,0
DA:35,0
DA:38,1
DA:39,0
DA:40,0
DA:50,0
DA:53,1
DA:54,0
DA:55,0
DA:59,1
LF:23
LH:9
BRDA:46,0,0,0
BRDA:46,0,1,0
BRF:2
BRH:0
end_of_record
TN:
SF:src/controllers/BimesterPlanController.ts
FN:7,(anonymous_1)
FN:8,(anonymous_2)
FN:13,(anonymous_3)
FN:18,(anonymous_4)
FN:25,(anonymous_5)
FN:38,(anonymous_6)
FN:50,(anonymous_7)
FN:55,(anonymous_8)
FNF:8
FNH:1
FNDA:1,(anonymous_1)
FNDA:0,(anonymous_2)
FNDA:0,(anonymous_3)
FNDA:0,(anonymous_4)
FNDA:0,(anonymous_5)
FNDA:0,(anonymous_6)
FNDA:0,(anonymous_7)
FNDA:0,(anonymous_8)
DA:4,1
DA:5,1
DA:8,1
DA:9,0
DA:10,0
DA:13,1
DA:14,0
DA:15,0
DA:18,1
DA:19,0
DA:22,0
DA:25,1
DA:26,0
DA:27,0
DA:35,0
DA:38,1
DA:39,0
DA:40,0
DA:47,0
DA:50,1
DA:51,0
DA:52,0
DA:55,1
DA:56,0
DA:57,0
DA:61,1
LF:26
LH:10
BRDA:43,0,0,0
BRDA:43,0,1,0
BRDA:44,1,0,0
BRDA:44,1,1,0
BRF:4
BRH:0
end_of_record
TN:
SF:src/controllers/ClassController.ts
FN:7,(anonymous_1)
FN:8,(anonymous_2)
FN:13,(anonymous_3)
FN:19,(anonymous_4)
FN:35,(anonymous_5)
FN:42,(anonymous_6)
FN:48,(anonymous_7)
FNF:7
FNH:1
FNDA:1,(anonymous_1)
FNDA:0,(anonymous_2)
FNDA:0,(anonymous_3)
FNDA:0,(anonymous_4)
FNDA:0,(anonymous_5)
FNDA:0,(anonymous_6)
FNDA:0,(anonymous_7)
DA:4,1
DA:5,1
DA:8,1
DA:9,0
DA:10,0
DA:13,1
DA:14,0
DA:15,0
DA:16,0
DA:19,1
DA:20,0
DA:22,0
DA:32,0
DA:35,1
DA:36,0
DA:37,0
DA:38,0
DA:39,0
DA:42,1
DA:43,0
DA:44,0
DA:45,0
DA:48,1
DA:49,0
DA:50,0
DA:51,0
DA:55,1
LF:27
LH:9
BRF:0
BRH:0
end_of_record
TN:
SF:src/controllers/LessonController.ts
FN:7,(anonymous_1)
FN:8,(anonymous_2)
FN:13,(anonymous_3)
FN:19,(anonymous_4)
FN:25,(anonymous_5)
FN:47,(anonymous_6)
FN:58,(anonymous_7)
FNF:7
FNH:1
FNDA:1,(anonymous_1)
FNDA:0,(anonymous_2)
FNDA:0,(anonymous_3)
FNDA:0,(anonymous_4)
FNDA:0,(anonymous_5)
FNDA:0,(anonymous_6)
FNDA:0,(anonymous_7)
DA:4,1
DA:5,1
DA:8,1
DA:9,0
DA:10,0
DA:13,1
DA:14,0
DA:15,0
DA:16,0
DA:19,1
DA:20,0
DA:21,0
DA:22,0
DA:25,1
DA:26,0
DA:28,0
DA:44,0
DA:47,1
DA:48,0
DA:49,0
DA:50,0
DA:55,0
DA:58,1
DA:59,0
DA:60,0
DA:61,0
DA:65,1
LF:27
LH:9
BRDA:31,0,0,0
BRDA:31,0,1,0
BRDA:53,1,0,0
BRDA:53,1,1,0
BRF:4
BRH:0
end_of_record
TN:
SF:src/controllers/PostsController.ts
FN:7,(anonymous_1)
FN:8,(anonymous_2)
FN:13,(anonymous_3)
FN:19,(anonymous_4)
FN:29,(anonymous_5)
FN:36,(anonymous_6)
FN:42,(anonymous_7)
FN:48,(anonymous_8)
FNF:8
FNH:3
FNDA:1,(anonymous_1)
FNDA:1,(anonymous_2)
FNDA:0,(anonymous_3)
FNDA:1,(anonymous_4)
FNDA:0,(anonymous_5)
FNDA:0,(anonymous_6)
FNDA:0,(anonymous_7)
FNDA:0,(anonymous_8)
DA:4,1
DA:5,1
DA:8,1
DA:9,1
DA:10,1
DA:13,1
DA:14,0
DA:15,0
DA:16,0
DA:19,1
DA:20,1
DA:21,1
DA:26,1
DA:29,1
DA:30,0
DA:31,0
DA:32,0
DA:33,0
DA:36,1
DA:37,0
DA:38,0
DA:39,0
DA:42,1
DA:43,0
DA:44,0
DA:45,0
DA:48,1
DA:49,0
DA:50,0
DA:51,0
DA:55,1
LF:31
LH:15
BRF:0
BRH:0
end_of_record
TN:
SF:src/controllers/UserController.ts
FN:6,(anonymous_1)
FN:7,(anonymous_2)
FN:12,(anonymous_3)
FN:18,(anonymous_4)
FN:24,(anonymous_5)
FN:29,(anonymous_6)
FN:35,(anonymous_7)
FN:41,(anonymous_8)
FNF:8
FNH:1
FNDA:1,(anonymous_1)
FNDA:0,(anonymous_2)
FNDA:0,(anonymous_3)
FNDA:0,(anonymous_4)
FNDA:0,(anonymous_5)
FNDA:0,(anonymous_6)
FNDA:0,(anonymous_7)
FNDA:0,(anonymous_8)
DA:3,1
DA:4,1
DA:7,1
DA:8,0
DA:9,0
DA:12,1
DA:13,0
DA:14,0
DA:15,0
DA:18,1
DA:19,0
DA:20,0
DA:21,0
DA:24,1
DA:25,0
DA:26,0
DA:29,1
DA:30,0
DA:31,0
DA:32,0
DA:35,1
DA:36,0
DA:37,0
DA:38,0
DA:41,1
DA:42,0
DA:43,0
DA:44,0
DA:48,1
LF:29
LH:10
BRF:0
BRH:0
end_of_record
TN:
SF:src/database/prisma.ts
FNF:0
FNH:0
DA:1,1
DA:9,1
DA:11,1
DA:12,1
DA:15,1
LF:5
LH:5
BRDA:9,0,0,1
BRDA:9,0,1,1
BRDA:11,1,0,1
BRDA:11,1,1,0
BRF:4
BRH:3
end_of_record
TN:
SF:src/env/index.ts
FNF:0
FNH:0
DA:1,2
DA:2,2
DA:4,2
DA:13,2
DA:15,2
DA:16,0
DA:20,0
DA:23,2
LF:8
LH:6
BRDA:15,0,0,0
BRDA:15,0,1,2
BRF:2
BRH:1
end_of_record
TN:
SF:src/middlewares/asyncHandler.ts
FN:9,asyncHandler
FN:10,(anonymous_1)
FNF:2
FNH:2
FNDA:45,asyncHandler
FNDA:2,(anonymous_1)
DA:9,1
DA:10,45
DA:11,2
LF:3
LH:3
BRF:0
BRH:0
end_of_record
TN:
SF:src/middlewares/errorHandler.ts
FN:4,(anonymous_0)
FN:13,errorHandler
FNF:2
FNH:1
FNDA:1,(anonymous_0)
FNDA:0,errorHandler
DA:3,2
DA:6,1
DA:8,1
DA:9,1
DA:13,2
DA:19,0
DA:20,0
DA:23,0
DA:24,0
DA:27,0
DA:28,0
DA:31,0
DA:32,0
LF:13
LH:5
BRDA:6,0,0,0
BRDA:19,1,0,0
BRDA:19,1,1,0
BRDA:23,2,0,0
BRDA:23,2,1,0
BRDA:23,3,0,0
BRDA:23,3,1,0
BRDA:27,4,0,0
BRDA:27,4,1,0
BRF:9
BRH:0
end_of_record
TN:
SF:src/middlewares/isAdmin.ts
FN:7,isAdmin
FNF:1
FNH:0
FNDA:0,isAdmin
DA:2,1
DA:4,1
DA:7,1
DA:8,0
DA:10,0
DA:11,0
DA:14,0
DA:16,0
DA:17,0
DA:22,0
DA:23,0
DA:26,0
DA:27,0
DA:28,0
DA:30,0
LF:15
LH:3
BRDA:10,0,0,0
BRDA:10,0,1,0
BRDA:22,1,0,0
BRDA:22,1,1,0
BRF:4
BRH:0
end_of_record
TN:
SF:src/middlewares/validate.ts
FN:6,validate
FN:7,(anonymous_1)
FNF:2
FNH:2
FNDA:16,validate
FNDA:1,(anonymous_1)
DA:6,1
DA:7,16
DA:8,1
DA:10,1
DA:11,0
DA:17,1
DA:18,1
LF:7
LH:6
BRDA:6,0,0,15
BRDA:10,1,0,0
BRDA:10,1,1,1
BRF:3
BRH:2
end_of_record
TN:
SF:src/repositories/AlertRepository.ts
FN:6,(anonymous_1)
FN:13,(anonymous_2)
FN:20,(anonymous_3)
FN:24,(anonymous_4)
FN:28,(anonymous_5)
FN:32,(anonymous_6)
FN:39,(anonymous_7)
FNF:7
FNH:0
FNDA:0,(anonymous_1)
FNDA:0,(anonymous_2)
FNDA:0,(anonymous_3)
FNDA:0,(anonymous_4)
FNDA:0,(anonymous_5)
FNDA:0,(anonymous_6)
FNDA:0,(anonymous_7)
DA:3,1
DA:7,0
DA:14,0
DA:21,0
DA:25,0
DA:29,0
DA:33,0
DA:40,0
DA:44,1
LF:9
LH:2
BRF:0
BRH:0
end_of_record
TN:
SF:src/repositories/AssessmentRepository.ts
FN:6,(anonymous_1)
FN:14,(anonymous_2)
FN:21,(anonymous_3)
FN:29,(anonymous_4)
FN:36,(anonymous_5)
FN:44,(anonymous_6)
FNF:6
FNH:0
FNDA:0,(anonymous_1)
FNDA:0,(anonymous_2)
FNDA:0,(anonymous_3)
FNDA:0,(anonymous_4)
FNDA:0,(anonymous_5)
FNDA:0,(anonymous_6)
DA:3,1
DA:7,0
DA:15,0
DA:22,0
DA:30,0
DA:37,0
DA:45,0
DA:49,1
LF:8
LH:2
BRF:0
BRH:0
end_of_record
TN:
SF:src/repositories/BimesterPlanRepository.ts
FN:6,(anonymous_1)
FN:14,(anonymous_2)
FN:21,(anonymous_3)
FN:29,(anonymous_4)
FN:36,(anonymous_5)
FN:44,(anonymous_6)
FN:52,(anonymous_7)
FNF:7
FNH:0
FNDA:0,(anonymous_1)
FNDA:0,(anonymous_2)
FNDA:0,(anonymous_3)
FNDA:0,(anonymous_4)
FNDA:0,(anonymous_5)
FNDA:0,(anonymous_6)
FNDA:0,(anonymous_7)
DA:3,1
DA:7,0
DA:15,0
DA:22,0
DA:30,0
DA:37,0
DA:45,0
DA:53,0
DA:57,1
LF:9
LH:2
BRF:0
BRH:0
end_of_record
TN:
SF:src/repositories/ClassRepository.ts
FN:6,(anonymous_1)
FN:12,(anonymous_2)
FN:18,(anonymous_3)
FN:24,(anonymous_4)
FN:31,(anonymous_5)
FN:37,(anonymous_6)
FNF:6
FNH:0
FNDA:0,(anonymous_1)
FNDA:0,(anonymous_2)
FNDA:0,(anonymous_3)
FNDA:0,(anonymous_4)
FNDA:0,(anonymous_5)
FNDA:0,(anonymous_6)
DA:3,1
DA:7,0
DA:13,0
DA:19,0
DA:25,0
DA:32,0
DA:38,0
DA:45,1
LF:8
LH:2
BRF:0
BRH:0
end_of_record
TN:
SF:src/repositories/LessonRepository.ts
FN:6,(anonymous_1)
FN:12,(anonymous_2)
FN:18,(anonymous_3)
FN:24,(anonymous_4)
FN:30,(anonymous_5)
FN:35,(anonymous_6)
FNF:6
FNH:0
FNDA:0,(anonymous_1)
FNDA:0,(anonymous_2)
FNDA:0,(anonymous_3)
FNDA:0,(anonymous_4)
FNDA:0,(anonymous_5)
FNDA:0,(anonymous_6)
DA:3,1
DA:7,0
DA:13,0
DA:19,0
DA:25,0
DA:31,0
DA:36,0
DA:42,1
LF:8
LH:2
BRF:0
BRH:0
end_of_record
TN:
SF:src/repositories/UserRepository.ts
FN:14,(anonymous_1)
FN:21,(anonymous_2)
FN:28,(anonymous_3)
FN:35,(anonymous_4)
FN:41,(anonymous_5)
FN:48,(anonymous_6)
FN:56,(anonymous_7)
FNF:7
FNH:0
FNDA:0,(anonymous_1)
FNDA:0,(anonymous_2)
FNDA:0,(anonymous_3)
FNDA:0,(anonymous_4)
FNDA:0,(anonymous_5)
FNDA:0,(anonymous_6)
FNDA:0,(anonymous_7)
DA:3,1
DA:5,1
DA:15,0
DA:22,0
DA:29,0
DA:36,0
DA:42,0
DA:49,0
DA:57,0
DA:64,1
LF:10
LH:3
BRF:0
BRH:0
end_of_record
TN:
SF:src/routes/alerts.routes.ts
FNF:0
FNH:0
DA:1,1
DA:3,1
DA:4,1
DA:5,1
DA:6,1
DA:8,1
DA:10,1
DA:12,1
DA:13,1
DA:14,1
DA:15,1
DA:16,1
DA:17,1
DA:19,1
LF:14
LH:14
BRF:0
BRH:0
end_of_record
TN:
SF:src/routes/assessments.routes.ts
FNF:0
FNH:0
DA:1,1
DA:3,1
DA:4,1
DA:5,1
DA:6,1
DA:11,1
DA:13,1
DA:15,1
DA:16,1
DA:17,1
DA:18,1
DA:19,1
DA:24,1
DA:26,1
LF:14
LH:14
BRF:0
BRH:0
end_of_record
TN:
SF:src/routes/bimester-plans.routes.ts
FNF:0
FNH:0
DA:1,1
DA:3,1
DA:4,1
DA:5,1
DA:6,1
DA:11,1
DA:13,1
DA:15,1
DA:16,1
DA:17,1
DA:18,1
DA:23,1
DA:28,1
DA:29,1
DA:31,1
LF:15
LH:15
BRF:0
BRH:0
end_of_record
TN:
SF:src/routes/classes.routes.ts
FNF:0
FNH:0
DA:1,1
DA:3,1
DA:4,1
DA:5,1
DA:6,1
DA:8,1
DA:10,1
DA:18,1
DA:20,1
DA:22,1
DA:29,1
DA:31,1
DA:33,1
LF:13
LH:13
BRF:0
BRH:0
end_of_record
TN:
SF:src/routes/index.ts
FNF:0
FNH:0
DA:1,1
DA:3,1
DA:4,1
DA:5,1
DA:7,1
DA:8,1
DA:9,1
DA:10,1
DA:11,1
DA:12,1
DA:13,1
DA:15,1
DA:17,1
DA:18,1
DA:19,1
DA:20,1
DA:21,1
DA:22,1
DA:23,1
DA:25,1
DA:26,1
DA:27,1
DA:29,1
DA:30,1
DA:31,1
DA:33,1
LF:26
LH:26
BRF:0
BRH:0
end_of_record
TN:
SF:src/routes/lessons.routes.ts
FNF:0
FNH:0
DA:1,1
DA:3,1
DA:4,1
DA:5,1
DA:6,1
DA:11,1
DA:13,1
DA:21,1
DA:23,1
DA:25,1
DA:32,1
DA:34,1
DA:36,1
LF:13
LH:13
BRF:0
BRH:0
end_of_record
TN:
SF:src/routes/posts.routes.ts
FNF:0
FNH:0
DA:1,1
DA:3,1
DA:4,1
DA:5,1
DA:6,1
DA:12,1
DA:30,1
DA:52,1
DA:54,1
DA:72,1
DA:94,1
DA:107,1
DA:115,1
DA:117,1
LF:14
LH:14
BRF:0
BRH:0
end_of_record
TN:
SF:src/routes/users.routes.ts
FNF:0
FNH:0
DA:1,1
DA:3,1
DA:4,1
DA:5,1
DA:11,1
DA:21,1
DA:23,1
DA:25,1
DA:33,1
DA:41,1
DA:43,1
DA:45,1
DA:47,1
LF:13
LH:13
BRF:0
BRH:0
end_of_record
TN:
SF:src/schemas/alert.schema.ts
FNF:0
FNH:0
DA:1,1
DA:3,1
DA:10,1
LF:3
LH:3
BRF:0
BRH:0
end_of_record
TN:
SF:src/schemas/assessment.schema.ts
FNF:0
FNH:0
DA:1,1
DA:3,1
DA:11,1
LF:3
LH:3
BRF:0
BRH:0
end_of_record
TN:
SF:src/schemas/bimester-plan.schema.ts
FNF:0
FNH:0
DA:1,1
DA:3,1
DA:11,1
LF:3
LH:3
BRF:0
BRH:0
end_of_record
TN:
SF:src/schemas/class.schema.ts
FNF:0
FNH:0
DA:1,1
DA:3,1
DA:8,1
LF:3
LH:3
BRF:0
BRH:0
end_of_record
TN:
SF:src/schemas/lesson.schema.ts
FNF:0
FNH:0
DA:1,1
DA:3,1
DA:10,1
LF:3
LH:3
BRF:0
BRH:0
end_of_record
TN:
SF:src/schemas/post.schema.ts
FNF:0
FNH:0
DA:1,1
DA:3,1
DA:8,1
DA:14,1
LF:4
LH:4
BRF:0
BRH:0
end_of_record
TN:
SF:src/schemas/user.schema.ts
FNF:0
FNH:0
DA:1,1
DA:3,1
DA:9,1
DA:15,1
LF:4
LH:4
BRF:0
BRH:0
end_of_record
TN:
SF:src/services/AlertService.ts
FN:7,(anonymous_1)
FN:11,(anonymous_2)
FN:15,(anonymous_3)
FN:31,(anonymous_4)
FN:40,(anonymous_5)
FN:46,(anonymous_6)
FN:57,(anonymous_7)
FNF:7
FNH:0
FNDA:0,(anonymous_1)
FNDA:0,(anonymous_2)
FNDA:0,(anonymous_3)
FNDA:0,(anonymous_4)
FNDA:0,(anonymous_5)
FNDA:0,(anonymous_6)
FNDA:0,(anonymous_7)
DA:3,1
DA:4,1
DA:8,0
DA:12,0
DA:22,0
DA:35,0
DA:36,0
DA:37,0
DA:41,0
DA:42,0
DA:43,0
DA:47,0
DA:48,0
DA:49,0
DA:58,0
DA:59,0
DA:60,0
DA:62,0
DA:63,0
DA:64,0
DA:68,1
LF:21
LH:3
BRDA:36,0,0,0
BRDA:36,0,1,0
BRDA:42,1,0,0
BRDA:42,1,1,0
BRDA:48,2,0,0
BRDA:48,2,1,0
BRDA:62,3,0,0
BRDA:62,3,1,0
BRDA:63,4,0,0
BRDA:63,4,1,0
BRF:10
BRH:0
end_of_record
TN:
SF:src/services/AssessmentService.ts
FN:7,(anonymous_1)
FN:11,(anonymous_2)
FN:17,(anonymous_3)
FN:21,(anonymous_4)
FN:39,(anonymous_5)
FN:53,(anonymous_6)
FNF:6
FNH:0
FNDA:0,(anonymous_1)
FNDA:0,(anonymous_2)
FNDA:0,(anonymous_3)
FNDA:0,(anonymous_4)
FNDA:0,(anonymous_5)
FNDA:0,(anonymous_6)
DA:3,1
DA:4,1
DA:8,0
DA:12,0
DA:13,0
DA:14,0
DA:18,0
DA:29,0
DA:49,0
DA:50,0
DA:54,0
DA:55,0
DA:59,1
LF:13
LH:3
BRDA:13,0,0,0
BRDA:13,0,1,0
BRF:2
BRH:0
end_of_record
TN:
SF:src/services/BimesterPlanService.ts
FN:7,(anonymous_1)
FN:11,(anonymous_2)
FN:17,(anonymous_3)
FN:21,(anonymous_4)
FN:45,(anonymous_5)
FN:59,(anonymous_6)
FN:64,(anonymous_7)
FNF:7
FNH:0
FNDA:0,(anonymous_1)
FNDA:0,(anonymous_2)
FNDA:0,(anonymous_3)
FNDA:0,(anonymous_4)
FNDA:0,(anonymous_5)
FNDA:0,(anonymous_6)
FNDA:0,(anonymous_7)
DA:3,1
DA:4,1
DA:8,0
DA:12,0
DA:13,0
DA:14,0
DA:18,0
DA:29,0
DA:30,0
DA:35,0
DA:55,0
DA:56,0
DA:60,0
DA:61,0
DA:65,0
DA:66,0
DA:70,1
LF:17
LH:3
BRDA:13,0,0,0
BRDA:13,0,1,0
BRDA:29,1,0,0
BRDA:29,1,1,0
BRF:4
BRH:0
end_of_record
TN:
SF:src/services/ClassService.ts
FN:6,(anonymous_1)
FN:10,(anonymous_2)
FN:14,(anonymous_3)
FN:18,(anonymous_4)
FN:22,(anonymous_5)
FN:26,(anonymous_6)
FNF:6
FNH:0
FNDA:0,(anonymous_1)
FNDA:0,(anonymous_2)
FNDA:0,(anonymous_3)
FNDA:0,(anonymous_4)
FNDA:0,(anonymous_5)
FNDA:0,(anonymous_6)
DA:3,1
DA:7,0
DA:11,0
DA:15,0
DA:19,0
DA:23,0
DA:27,0
DA:31,1
LF:8
LH:2
BRF:0
BRH:0
end_of_record
TN:
SF:src/services/LessonService.ts
FN:6,(anonymous_1)
FN:10,(anonymous_2)
FN:14,(anonymous_3)
FN:18,(anonymous_4)
FN:22,(anonymous_5)
FN:26,(anonymous_6)
FNF:6
FNH:0
FNDA:0,(anonymous_1)
FNDA:0,(anonymous_2)
FNDA:0,(anonymous_3)
FNDA:0,(anonymous_4)
FNDA:0,(anonymous_5)
FNDA:0,(anonymous_6)
DA:3,1
DA:7,0
DA:11,0
DA:15,0
DA:19,0
DA:23,0
DA:27,0
DA:31,1
LF:8
LH:2
BRF:0
BRH:0
end_of_record
TN:
SF:src/services/PostsService.ts
FN:4,(anonymous_1)
FN:8,(anonymous_2)
FN:12,(anonymous_3)
FN:22,(anonymous_4)
FN:35,(anonymous_5)
FN:39,(anonymous_6)
FN:47,(anonymous_7)
FNF:7
FNH:6
FNDA:2,(anonymous_1)
FNDA:1,(anonymous_2)
FNDA:2,(anonymous_3)
FNDA:1,(anonymous_4)
FNDA:1,(anonymous_5)
FNDA:2,(anonymous_6)
FNDA:0,(anonymous_7)
DA:1,2
DA:5,2
DA:9,1
DA:13,2
DA:15,2
DA:26,1
DA:28,1
DA:36,1
DA:40,2
DA:41,1
DA:44,1
DA:48,0
DA:52,2
LF:13
LH:12
BRDA:18,0,0,1
BRDA:18,0,1,1
BRDA:31,1,0,0
BRDA:31,1,1,1
BRDA:40,2,0,1
BRDA:40,2,1,1
BRDA:40,3,0,2
BRDA:40,3,1,1
BRF:8
BRH:7
end_of_record
TN:
SF:src/services/UserService.ts
FN:9,(anonymous_1)
FN:13,(anonymous_2)
FN:17,(anonymous_3)
FN:21,(anonymous_4)
FN:37,(anonymous_5)
FN:63,(anonymous_6)
FN:67,(anonymous_7)
FNF:7
FNH:3
FNDA:0,(anonymous_1)
FNDA:0,(anonymous_2)
FNDA:0,(anonymous_3)
FNDA:1,(anonymous_4)
FNDA:1,(anonymous_5)
FNDA:0,(anonymous_6)
FNDA:2,(anonymous_7)
DA:1,2
DA:2,2
DA:4,2
DA:5,2
DA:6,2
DA:10,0
DA:14,0
DA:18,0
DA:22,1
DA:24,1
DA:25,0
DA:28,1
DA:30,1
DA:41,1
DA:42,0
DA:43,0
DA:44,0
DA:52,1
DA:54,1
DA:55,1
DA:56,1
DA:57,0
DA:60,1
DA:64,0
DA:68,2
DA:70,2
DA:71,1
DA:74,1
DA:76,1
DA:77,0
DA:80,1
DA:86,1
DA:98,2
LF:33
LH:23
BRDA:24,0,0,0
BRDA:24,0,1,1
BRDA:41,1,0,0
BRDA:41,1,1,1
BRDA:43,2,0,0
BRDA:43,2,1,0
BRDA:43,3,0,0
BRDA:43,3,1,0
BRDA:54,4,0,1
BRDA:54,4,1,0
BRDA:55,5,0,0
BRDA:55,5,1,1
BRDA:56,6,0,0
BRDA:56,6,1,1
BRDA:70,7,0,1
BRDA:70,7,1,1
BRDA:76,8,0,0
BRDA:76,8,1,1
BRF:18
BRH:8
end_of_record
